<?xml version="1.0" encoding="UTF-8"?>
<!-- Generated by org.testng.reporters.JUnitXMLReporter -->
<testsuite ignored="12" hostname="DESKTOP-7C4J88S" failures="0" tests="1" name="Default test" time="12.846" errors="0" timestamp="2025-12-08T12:09:29 IST">
  <testcase classname="com.soucedemo.tests.LoginTest" name="loginValidUsernameValidPassword" time="2.695"/>
  <testcase classname="com.soucedemo.tests.LoginTest" name="loginPageLogo" time="0.0">
    <ignored/>
  </testcase> <!-- loginPageLogo -->
  <testcase classname="com.soucedemo.tests.LoginTest" name="loginButtonOnLoginPage" time="0.0">
    <ignored/>
  </testcase> <!-- loginButtonOnLoginPage -->
  <testcase classname="com.soucedemo.tests.LoginTest" name="usrnameTextBoxOnLoginPage" time="0.0">
    <ignored/>
  </testcase> <!-- usrnameTextBoxOnLoginPage -->
  <testcase classname="com.soucedemo.tests.LoginTest" name="loginValidUsernameEmptyPassword" time="0.0">
    <ignored/>
  </testcase> <!-- loginValidUsernameEmptyPassword -->
  <testcase classname="com.soucedemo.tests.LoginTest" name="loginInvalidUsernameEptyPassword" time="0.0">
    <ignored/>
  </testcase> <!-- loginInvalidUsernameEptyPassword -->
  <testcase classname="com.soucedemo.tests.LoginTest" name="loginEmptyUsernameValidPassword" time="0.0">
    <ignored/>
  </testcase> <!-- loginEmptyUsernameValidPassword -->
  <testcase classname="com.soucedemo.tests.LoginTest" name="loginValidUsernameInvalidPassword" time="0.0">
    <ignored/>
  </testcase> <!-- loginValidUsernameInvalidPassword -->
  <testcase classname="com.soucedemo.tests.LoginTest" name="loginEmptyUsernameEmptyPassword" time="0.0">
    <ignored/>
  </testcase> <!-- loginEmptyUsernameEmptyPassword -->
  <testcase classname="com.soucedemo.tests.LoginTest" name="loginEmptyUsernameInvalidPassword" time="0.0">
    <ignored/>
  </testcase> <!-- loginEmptyUsernameInvalidPassword -->
  <testcase classname="com.soucedemo.tests.LoginTest" name="passwordTextBoxOnLoginPage" time="0.0">
    <ignored/>
  </testcase> <!-- passwordTextBoxOnLoginPage -->
  <testcase classname="com.soucedemo.tests.LoginTest" name="loginInvalidUsernameValidPassword" time="0.0">
    <ignored/>
  </testcase> <!-- loginInvalidUsernameValidPassword -->
  <testcase classname="com.soucedemo.tests.LoginTest" name="loginInvalidUsernameInvalidPassword" time="0.0">
    <ignored/>
  </testcase> <!-- loginInvalidUsernameInvalidPassword -->
</testsuite> <!-- Default test -->
