<?xml version="1.0" encoding="UTF-8"?>
<!-- Generated by org.testng.reporters.JUnitXMLReporter -->
<testsuite ignored="1" hostname="DESKTOP-7C4J88S" failures="0" tests="1" name="Default test" time="8.325" errors="0" timestamp="2025-12-06T19:04:09 IST">
  <testcase classname="com.soucedemo.tests.HomeTest" name="homePageUrl" time="1.078"/>
  <testcase classname="com.soucedemo.tests.HomeTest" name="homePageTitle" time="0.0">
    <ignored/>
  </testcase> <!-- homePageTitle -->
</testsuite> <!-- Default test -->
