<?xml version="1.0" encoding="UTF-8"?>
<!-- Generated by org.testng.reporters.JUnitXMLReporter -->
<testsuite ignored="12" hostname="DESKTOP-7C4J88S" failures="1" tests="1" name="Default test" time="11.052" errors="0" timestamp="2025-12-07T21:46:57 IST">
  <testcase classname="com.soucedemo.tests.LoginTest" name="loginValidUsernameValidPassword" time="1.554">
    <failure type="java.lang.AssertionError" message="expected [] but found [https://www.saucedemo.com/inventory.html]">
      <![CDATA[java.lang.AssertionError: expected [] but found [https://www.saucedemo.com/inventory.html]
at org.testng.Assert.fail(Assert.java:111)
at org.testng.Assert.failNotEquals(Assert.java:1590)
at org.testng.Assert.assertEqualsImpl(Assert.java:150)
at org.testng.Assert.assertEquals(Assert.java:132)
at org.testng.Assert.assertEquals(Assert.java:656)
at org.testng.Assert.assertEquals(Assert.java:666)
at com.soucedemo.tests.LoginTest.loginValidUsernameValidPassword(LoginTest.java:36)
at java.base/jdk.internal.reflect.DirectMethodHandleAccessor.invoke(DirectMethodHandleAccessor.java:103)
at java.base/java.lang.reflect.Method.invoke(Method.java:580)
at org.testng.internal.invokers.MethodInvocationHelper.invokeMethod(MethodInvocationHelper.java:141)
at org.testng.internal.invokers.TestInvoker.invokeMethod(TestInvoker.java:687)
at org.testng.internal.invokers.TestInvoker.invokeTestMethod(TestInvoker.java:230)
at org.testng.internal.invokers.MethodRunner.runInSequence(MethodRunner.java:63)
at org.testng.internal.invokers.TestInvoker$MethodInvocationAgent.invoke(TestInvoker.java:995)
at org.testng.internal.invokers.TestInvoker.invokeTestMethods(TestInvoker.java:203)
at org.testng.internal.invokers.TestMethodWorker.invokeTestMethods(TestMethodWorker.java:154)
at org.testng.internal.invokers.TestMethodWorker.run(TestMethodWorker.java:134)
at java.base/java.util.ArrayList.forEach(ArrayList.java:1596)
at org.testng.TestRunner.privateRun(TestRunner.java:741)
at org.testng.TestRunner.run(TestRunner.java:616)
at org.testng.SuiteRunner.runTest(SuiteRunner.java:421)
at org.testng.SuiteRunner.runSequentially(SuiteRunner.java:413)
at org.testng.SuiteRunner.privateRun(SuiteRunner.java:373)
at org.testng.SuiteRunner.run(SuiteRunner.java:312)
at org.testng.SuiteRunnerWorker.runSuite(SuiteRunnerWorker.java:52)
at org.testng.SuiteRunnerWorker.run(SuiteRunnerWorker.java:95)
at org.testng.TestNG.runSuitesSequentially(TestNG.java:1274)
at org.testng.TestNG.runSuitesLocally(TestNG.java:1208)
at org.testng.TestNG.runSuites(TestNG.java:1112)
at org.testng.TestNG.run(TestNG.java:1079)
at org.testng.remote.AbstractRemoteTestNG.run(AbstractRemoteTestNG.java:115)
at org.testng.remote.RemoteTestNG.initAndRun(RemoteTestNG.java:293)
at org.testng.remote.RemoteTestNG.main(RemoteTestNG.java:91)
]]>
    </failure>
  </testcase> <!-- loginValidUsernameValidPassword -->
  <testcase classname="com.soucedemo.tests.LoginTest" name="loginPageLogo" time="0.0">
    <ignored/>
  </testcase> <!-- loginPageLogo -->
  <testcase classname="com.soucedemo.tests.LoginTest" name="loginValidUsernameInvalidPassword" time="0.0">
    <ignored/>
  </testcase> <!-- loginValidUsernameInvalidPassword -->
  <testcase classname="com.soucedemo.tests.LoginTest" name="loginInvalidUsernameValidPassword" time="0.0">
    <ignored/>
  </testcase> <!-- loginInvalidUsernameValidPassword -->
  <testcase classname="com.soucedemo.tests.LoginTest" name="loginInvalidUsernameInvalidPassword" time="0.0">
    <ignored/>
  </testcase> <!-- loginInvalidUsernameInvalidPassword -->
  <testcase classname="com.soucedemo.tests.LoginTest" name="loginEmptyUsernameInvalidPassword" time="0.0">
    <ignored/>
  </testcase> <!-- loginEmptyUsernameInvalidPassword -->
  <testcase classname="com.soucedemo.tests.LoginTest" name="loginEmptyUsernameValidPassword" time="0.0">
    <ignored/>
  </testcase> <!-- loginEmptyUsernameValidPassword -->
  <testcase classname="com.soucedemo.tests.LoginTest" name="passwordTextBoxOnLoginPage" time="0.0">
    <ignored/>
  </testcase> <!-- passwordTextBoxOnLoginPage -->
  <testcase classname="com.soucedemo.tests.LoginTest" name="loginEmptyUsernameEmptyPassword" time="0.0">
    <ignored/>
  </testcase> <!-- loginEmptyUsernameEmptyPassword -->
  <testcase classname="com.soucedemo.tests.LoginTest" name="loginInvalidUsernameEptyPassword" time="0.0">
    <ignored/>
  </testcase> <!-- loginInvalidUsernameEptyPassword -->
  <testcase classname="com.soucedemo.tests.LoginTest" name="loginValidUsernameEmptyPassword" time="0.0">
    <ignored/>
  </testcase> <!-- loginValidUsernameEmptyPassword -->
  <testcase classname="com.soucedemo.tests.LoginTest" name="loginButtonOnLoginPage" time="0.0">
    <ignored/>
  </testcase> <!-- loginButtonOnLoginPage -->
  <testcase classname="com.soucedemo.tests.LoginTest" name="usrnameTextBoxOnLoginPage" time="0.0">
    <ignored/>
  </testcase> <!-- usrnameTextBoxOnLoginPage -->
</testsuite> <!-- Default test -->
