<?xml version="1.0" encoding="UTF-8"?>
<!-- Generated by org.testng.reporters.JUnitXMLReporter -->
<testsuite ignored="0" hostname="DESKTOP-7C4J88S" failures="1" tests="15" name="ChromeTest" time="76.382" errors="0" timestamp="2025-12-07T21:43:27 IST">
  <testcase classname="com.soucedemo.tests.HomeTest" name="homePageTitle" time="1.688"/>
  <testcase classname="com.soucedemo.tests.LoginTest" name="loginValidUsernameValidPassword" time="0.95">
    <failure type="java.lang.AssertionError" message="expected [] but found [https://www.saucedemo.com/inventory.html]">
      <![CDATA[java.lang.AssertionError: expected [] but found [https://www.saucedemo.com/inventory.html]
at com.soucedemo.tests.LoginTest.loginValidUsernameValidPassword(LoginTest.java:36)
at java.base/java.util.ArrayList.forEach(ArrayList.java:1596)
at java.base/java.util.concurrent.FutureTask.run(FutureTask.java:317)
at java.base/java.util.concurrent.ThreadPoolExecutor.runWorker(ThreadPoolExecutor.java:1144)
at java.base/java.util.concurrent.ThreadPoolExecutor$Worker.run(ThreadPoolExecutor.java:642)
at java.base/java.lang.Thread.run(Thread.java:1583)
... Removed 21 stack frames]]>
    </failure>
  </testcase> <!-- loginValidUsernameValidPassword -->
  <testcase classname="com.soucedemo.tests.HomeTest" name="homePageUrl" time="1.187"/>
  <testcase classname="com.soucedemo.tests.LoginTest" name="loginValidUsernameInvalidPassword" time="1.292"/>
  <testcase classname="com.soucedemo.tests.LoginTest" name="loginInvalidUsernameValidPassword" time="1.191"/>
  <testcase classname="com.soucedemo.tests.LoginTest" name="loginInvalidUsernameInvalidPassword" time="1.004"/>
  <testcase classname="com.soucedemo.tests.LoginTest" name="loginEmptyUsernameValidPassword" time="0.878"/>
  <testcase classname="com.soucedemo.tests.LoginTest" name="loginEmptyUsernameInvalidPassword" time="1.071"/>
  <testcase classname="com.soucedemo.tests.LoginTest" name="loginEmptyUsernameEmptyPassword" time="1.123"/>
  <testcase classname="com.soucedemo.tests.LoginTest" name="loginValidUsernameEmptyPassword" time="0.976"/>
  <testcase classname="com.soucedemo.tests.LoginTest" name="loginInvalidUsernameEptyPassword" time="1.943"/>
  <testcase classname="com.soucedemo.tests.LoginTest" name="loginPageLogo" time="0.111"/>
  <testcase classname="com.soucedemo.tests.LoginTest" name="usrnameTextBoxOnLoginPage" time="0.102"/>
  <testcase classname="com.soucedemo.tests.LoginTest" name="passwordTextBoxOnLoginPage" time="0.985"/>
  <testcase classname="com.soucedemo.tests.LoginTest" name="loginButtonOnLoginPage" time="0.075"/>
</testsuite> <!-- ChromeTest -->
