<?xml version="1.0" encoding="UTF-8"?>
<!-- Generated by org.testng.reporters.JUnitXMLReporter -->
<testsuite ignored="0" hostname="DESKTOP-7C4J88S" failures="1" tests="15" name="ChromeTest" time="155.878" errors="0" timestamp="2025-12-08T06:11:53 IST">
  <testcase classname="com.soucedemo.tests.HomeTest" name="homePageTitle" time="8.357"/>
  <testcase classname="com.soucedemo.tests.LoginTest" name="loginValidUsernameValidPassword" time="1.183"/>
  <testcase classname="com.soucedemo.tests.HomeTest" name="homePageUrl" time="1.399">
    <failure type="java.lang.AssertionError" message="expected [https://www.saucedemo.com/inventory.html1] but found [https://www.saucedemo.com/inventory.html]">
      <![CDATA[java.lang.AssertionError: expected [https://www.saucedemo.com/inventory.html1] but found [https://www.saucedemo.com/inventory.html]
at com.soucedemo.tests.HomeTest.homePageUrl(HomeTest.java:55)
at java.base/java.util.ArrayList.forEach(ArrayList.java:1596)
at java.base/java.util.concurrent.FutureTask.run(FutureTask.java:317)
at java.base/java.util.concurrent.ThreadPoolExecutor.runWorker(ThreadPoolExecutor.java:1144)
at java.base/java.util.concurrent.ThreadPoolExecutor$Worker.run(ThreadPoolExecutor.java:642)
at java.base/java.lang.Thread.run(Thread.java:1583)
... Removed 21 stack frames]]>
    </failure>
  </testcase> <!-- homePageUrl -->
  <testcase classname="com.soucedemo.tests.LoginTest" name="loginValidUsernameInvalidPassword" time="2.405"/>
  <testcase classname="com.soucedemo.tests.LoginTest" name="loginInvalidUsernameValidPassword" time="1.756"/>
  <testcase classname="com.soucedemo.tests.LoginTest" name="loginInvalidUsernameInvalidPassword" time="1.263"/>
  <testcase classname="com.soucedemo.tests.LoginTest" name="loginEmptyUsernameValidPassword" time="1.833"/>
  <testcase classname="com.soucedemo.tests.LoginTest" name="loginEmptyUsernameInvalidPassword" time="1.18"/>
  <testcase classname="com.soucedemo.tests.LoginTest" name="loginEmptyUsernameEmptyPassword" time="2.315"/>
  <testcase classname="com.soucedemo.tests.LoginTest" name="loginValidUsernameEmptyPassword" time="1.463"/>
  <testcase classname="com.soucedemo.tests.LoginTest" name="loginInvalidUsernameEptyPassword" time="0.933"/>
  <testcase classname="com.soucedemo.tests.LoginTest" name="loginPageLogo" time="0.334"/>
  <testcase classname="com.soucedemo.tests.LoginTest" name="usrnameTextBoxOnLoginPage" time="0.172"/>
  <testcase classname="com.soucedemo.tests.LoginTest" name="passwordTextBoxOnLoginPage" time="0.152"/>
  <testcase classname="com.soucedemo.tests.LoginTest" name="loginButtonOnLoginPage" time="0.195"/>
</testsuite> <!-- ChromeTest -->
