<html>
<head>
<title>TestNG:  FirefoxTest</title>
<link href="../testng.css" rel="stylesheet" type="text/css" />
<link href="../my-testng.css" rel="stylesheet" type="text/css" />

<style type="text/css">
.log { display: none;} 
.stack-trace { display: none;} 
</style>
<script type="text/javascript">
<!--
function flip(e) {
  current = e.style.display;
  if (current == 'block') {
    e.style.display = 'none';
    return 0;
  }
  else {
    e.style.display = 'block';
    return 1;
  }
}

function toggleBox(szDivId, elem, msg1, msg2)
{
  var res = -1;  if (document.getElementById) {
    res = flip(document.getElementById(szDivId));
  }
  else if (document.all) {
    // this is the way old msie versions work
    res = flip(document.all[szDivId]);
  }
  if(elem) {
    if(res == 0) elem.innerHTML = msg1; else elem.innerHTML = msg2;
  }

}

function toggleAllBoxes() {
  if (document.getElementsByTagName) {
    d = document.getElementsByTagName('div');
    for (i = 0; i < d.length; i++) {
      if (d[i].className == 'log') {
        flip(d[i]);
      }
    }
  }
}

// -->
</script>

</head>
<body>
<h2 align='center'>FirefoxTest</h2><table border='1' align="center">
<tr>
<td>Tests passed/Failed/Skipped:</td><td>14/1/0</td>
</tr><tr>
<td>Started on:</td><td>Mon Dec 08 06:09:17 IST 2025</td>
</tr>
<tr><td>Total time:</td><td>281 seconds (281555 ms)</td>
</tr><tr>
<td>Included groups:</td><td></td>
</tr><tr>
<td>Excluded groups:</td><td></td>
</tr>
</table><p/>
<small><i>(Hover the method name to see the test class name)</i></small><p/>
<table width='100%' border='1' class='invocation-failed'>
<tr><td colspan='4' align='center'><b>FAILED TESTS</b></td></tr>
<tr><td><b>Test method</b></td>
<td><b>Attribute(s)</b></td>
<td width="30%"><b>Exception</b></td>
<td width="10%"><b>Time (seconds)</b></td>
<td><b>Instance</b></td>
</tr>
<tr>
<td title='com.soucedemo.tests.HomeTest.homePageUrl()'><b>homePageUrl</b><br>Test class: com.soucedemo.tests.HomeTest<br>Test method: TC015: Verify the url of the home page</td>
<td><div><pre>java.lang.AssertionError: expected [https://www.saucedemo.com/inventory.html1] but found [https://www.saucedemo.com/inventory.html]
	at com.soucedemo.tests.HomeTest.homePageUrl(HomeTest.java:55)
	at java.base/java.util.ArrayList.forEach(ArrayList.java:1596)
	at java.base/java.util.concurrent.FutureTask.run(FutureTask.java:317)
	at java.base/java.util.concurrent.ThreadPoolExecutor.runWorker(ThreadPoolExecutor.java:1144)
	at java.base/java.util.concurrent.ThreadPoolExecutor$Worker.run(ThreadPoolExecutor.java:642)
	at java.base/java.lang.Thread.run(Thread.java:1583)
... Removed 21 stack frames</pre></div><a href='#' onClick='toggleBox("stack-trace493202331", this, "Click to show all stack frames", "Click to hide stack frames")'>Click to show all stack frames</a>
<div class='stack-trace' id='stack-trace493202331'><pre>java.lang.AssertionError: expected [https://www.saucedemo.com/inventory.html1] but found [https://www.saucedemo.com/inventory.html]
	at org.testng.Assert.fail(Assert.java:111)
	at org.testng.Assert.failNotEquals(Assert.java:1590)
	at org.testng.Assert.assertEqualsImpl(Assert.java:150)
	at org.testng.Assert.assertEquals(Assert.java:132)
	at org.testng.Assert.assertEquals(Assert.java:656)
	at org.testng.Assert.assertEquals(Assert.java:666)
	at com.soucedemo.tests.HomeTest.homePageUrl(HomeTest.java:55)
	at java.base/jdk.internal.reflect.DirectMethodHandleAccessor.invoke(DirectMethodHandleAccessor.java:103)
	at java.base/java.lang.reflect.Method.invoke(Method.java:580)
	at org.testng.internal.invokers.MethodInvocationHelper.invokeMethod(MethodInvocationHelper.java:141)
	at org.testng.internal.invokers.TestInvoker.invokeMethod(TestInvoker.java:687)
	at org.testng.internal.invokers.TestInvoker.invokeTestMethod(TestInvoker.java:230)
	at org.testng.internal.invokers.MethodRunner.runInSequence(MethodRunner.java:63)
	at org.testng.internal.invokers.TestInvoker$MethodInvocationAgent.invoke(TestInvoker.java:995)
	at org.testng.internal.invokers.TestInvoker.invokeTestMethods(TestInvoker.java:203)
	at org.testng.internal.invokers.TestMethodWorker.invokeTestMethods(TestMethodWorker.java:154)
	at org.testng.internal.invokers.TestMethodWorker.run(TestMethodWorker.java:134)
	at java.base/java.util.ArrayList.forEach(ArrayList.java:1596)
	at org.testng.TestRunner.privateRun(TestRunner.java:741)
	at org.testng.TestRunner.run(TestRunner.java:616)
	at org.testng.SuiteRunner.runTest(SuiteRunner.java:421)
	at org.testng.SuiteRunner$SuiteWorker.run(SuiteRunner.java:463)
	at org.testng.internal.thread.ThreadUtil.lambda$execute$0(ThreadUtil.java:64)
	at java.base/java.util.concurrent.FutureTask.run(FutureTask.java:317)
	at java.base/java.util.concurrent.ThreadPoolExecutor.runWorker(ThreadPoolExecutor.java:1144)
	at java.base/java.util.concurrent.ThreadPoolExecutor$Worker.run(ThreadPoolExecutor.java:642)
	at java.base/java.lang.Thread.run(Thread.java:1583)
</pre></div></td>
<td>1</td>
<td>com.soucedemo.tests.HomeTest@1fdfafd2</td></tr>
</table><p>
<table width='100%' border='1' class='invocation-passed'>
<tr><td colspan='4' align='center'><b>PASSED TESTS</b></td></tr>
<tr><td><b>Test method</b></td>
<td><b>Attribute(s)</b></td>
<td width="30%"><b>Exception</b></td>
<td width="10%"><b>Time (seconds)</b></td>
<td><b>Instance</b></td>
</tr>
<tr>
<td title='com.soucedemo.tests.LoginTest.loginInvalidUsernameInvalidPassword()'><b>loginInvalidUsernameInvalidPassword</b><br>Test class: com.soucedemo.tests.LoginTest<br>Test method: TC004: Verify user is able to login with invalid username and invalid password</td>
<td></td>
<td>1</td>
<td>com.soucedemo.tests.LoginTest@a4b2d8f</td></tr>
<tr>
<td title='com.soucedemo.tests.LoginTest.usrnameTextBoxOnLoginPage()'><b>usrnameTextBoxOnLoginPage</b><br>Test class: com.soucedemo.tests.LoginTest<br>Test method: TC011: Verify username textbox is present on login page</td>
<td></td>
<td>0</td>
<td>com.soucedemo.tests.LoginTest@a4b2d8f</td></tr>
<tr>
<td title='com.soucedemo.tests.LoginTest.loginInvalidUsernameEptyPassword()'><b>loginInvalidUsernameEptyPassword</b><br>Test class: com.soucedemo.tests.LoginTest<br>Test method: TC009: Verify user is able to login with invalid username and empty password</td>
<td></td>
<td>0</td>
<td>com.soucedemo.tests.LoginTest@a4b2d8f</td></tr>
<tr>
<td title='com.soucedemo.tests.LoginTest.loginValidUsernameValidPassword()'><b>loginValidUsernameValidPassword</b><br>Test class: com.soucedemo.tests.LoginTest<br>Test method: TC001: Verify user is able to login with valid username and valid password</td>
<td></td>
<td>1</td>
<td>com.soucedemo.tests.LoginTest@a4b2d8f</td></tr>
<tr>
<td title='com.soucedemo.tests.LoginTest.loginButtonOnLoginPage()'><b>loginButtonOnLoginPage</b><br>Test class: com.soucedemo.tests.LoginTest<br>Test method: TC013: Verify login button is present on login page</td>
<td></td>
<td>0</td>
<td>com.soucedemo.tests.LoginTest@a4b2d8f</td></tr>
<tr>
<td title='com.soucedemo.tests.LoginTest.loginPageLogo()'><b>loginPageLogo</b><br>Test class: com.soucedemo.tests.LoginTest<br>Test method: TC010: Verify swaglab logo present on login page</td>
<td></td>
<td>0</td>
<td>com.soucedemo.tests.LoginTest@a4b2d8f</td></tr>
<tr>
<td title='com.soucedemo.tests.LoginTest.loginEmptyUsernameEmptyPassword()'><b>loginEmptyUsernameEmptyPassword</b><br>Test class: com.soucedemo.tests.LoginTest<br>Test method: TC007: Verify user is able to login with empty username and empty password</td>
<td></td>
<td>0</td>
<td>com.soucedemo.tests.LoginTest@a4b2d8f</td></tr>
<tr>
<td title='com.soucedemo.tests.LoginTest.passwordTextBoxOnLoginPage()'><b>passwordTextBoxOnLoginPage</b><br>Test class: com.soucedemo.tests.LoginTest<br>Test method: TC012: Verify password textbox is present on login page</td>
<td></td>
<td>0</td>
<td>com.soucedemo.tests.LoginTest@a4b2d8f</td></tr>
<tr>
<td title='com.soucedemo.tests.LoginTest.loginValidUsernameEmptyPassword()'><b>loginValidUsernameEmptyPassword</b><br>Test class: com.soucedemo.tests.LoginTest<br>Test method: TC008: Verify user is able to login with valid username and empty password</td>
<td></td>
<td>1</td>
<td>com.soucedemo.tests.LoginTest@a4b2d8f</td></tr>
<tr>
<td title='com.soucedemo.tests.LoginTest.loginEmptyUsernameValidPassword()'><b>loginEmptyUsernameValidPassword</b><br>Test class: com.soucedemo.tests.LoginTest<br>Test method: TC005: Verify user is able to login with empty username and valid password</td>
<td></td>
<td>1</td>
<td>com.soucedemo.tests.LoginTest@a4b2d8f</td></tr>
<tr>
<td title='com.soucedemo.tests.HomeTest.homePageTitle()'><b>homePageTitle</b><br>Test class: com.soucedemo.tests.HomeTest<br>Test method: TC014: Verify the title of the home page</td>
<td></td>
<td>2</td>
<td>com.soucedemo.tests.HomeTest@1fdfafd2</td></tr>
<tr>
<td title='com.soucedemo.tests.LoginTest.loginValidUsernameInvalidPassword()'><b>loginValidUsernameInvalidPassword</b><br>Test class: com.soucedemo.tests.LoginTest<br>Test method: TC002: Verify user is able to login with valid username and invalid password</td>
<td></td>
<td>2</td>
<td>com.soucedemo.tests.LoginTest@a4b2d8f</td></tr>
<tr>
<td title='com.soucedemo.tests.LoginTest.loginInvalidUsernameValidPassword()'><b>loginInvalidUsernameValidPassword</b><br>Test class: com.soucedemo.tests.LoginTest<br>Test method: TC003: Verify user is able to login with invalid username and valid password</td>
<td></td>
<td>1</td>
<td>com.soucedemo.tests.LoginTest@a4b2d8f</td></tr>
<tr>
<td title='com.soucedemo.tests.LoginTest.loginEmptyUsernameInvalidPassword()'><b>loginEmptyUsernameInvalidPassword</b><br>Test class: com.soucedemo.tests.LoginTest<br>Test method: TC006: Verify user is able to login with empty username and invalid password</td>
<td></td>
<td>0</td>
<td>com.soucedemo.tests.LoginTest@a4b2d8f</td></tr>
</table><p>
</body>
</html>