<?xml version="1.0" encoding="UTF-8"?>
<!-- Generated by org.testng.reporters.JUnitXMLReporter -->
<testsuite ignored="0" hostname="DESKTOP-7C4J88S" failures="0" tests="15" name="FirefoxTest" time="498.208" errors="0" timestamp="2025-12-06T19:23:26 IST">
  <testcase classname="com.soucedemo.tests.HomeTest" name="homePageTitle" time="3.158"/>
  <testcase classname="com.soucedemo.tests.HomeTest" name="homePageUrl" time="2.42"/>
  <testcase classname="com.soucedemo.tests.LoginTest" name="loginButtonOnLoginPage" time="0.284"/>
  <testcase classname="com.soucedemo.tests.LoginTest" name="loginEmptyUsernameEmptyPassword" time="4.321"/>
  <testcase classname="com.soucedemo.tests.LoginTest" name="loginEmptyUsernameInvalidPassword" time="1.426"/>
  <testcase classname="com.soucedemo.tests.LoginTest" name="loginEmptyUsernameValidPassword" time="2.126"/>
  <testcase classname="com.soucedemo.tests.LoginTest" name="loginInvalidUsernameEptyPassword" time="1.454"/>
  <testcase classname="com.soucedemo.tests.LoginTest" name="loginInvalidUsernameInvalidPassword" time="2.345"/>
  <testcase classname="com.soucedemo.tests.LoginTest" name="loginInvalidUsernameValidPassword" time="1.295"/>
  <testcase classname="com.soucedemo.tests.LoginTest" name="loginPageLogo" time="0.147"/>
  <testcase classname="com.soucedemo.tests.LoginTest" name="loginValidUsernameEmptyPassword" time="1.32"/>
  <testcase classname="com.soucedemo.tests.LoginTest" name="loginValidUsernameInvalidPassword" time="1.307"/>
  <testcase classname="com.soucedemo.tests.LoginTest" name="loginValidUsernameValidPassword" time="1.492"/>
  <testcase classname="com.soucedemo.tests.LoginTest" name="passwordTextBoxOnLoginPage" time="0.27"/>
  <testcase classname="com.soucedemo.tests.LoginTest" name="usrnameTextBoxOnLoginPage" time="0.191"/>
</testsuite> <!-- FirefoxTest -->
