<?xml version="1.0" encoding="UTF-8"?>
<testng-results ignored="0" total="45" passed="45" failed="0" skipped="0">
  <reporter-output>
  </reporter-output>
  <suite started-at="2025-12-06T19:15:07 IST" name="ParallelSuite" finished-at="2025-12-06T19:23:26 IST" duration-ms="498209">
    <groups>
    </groups>
    <test started-at="2025-12-06T19:15:07 IST" name="ChromeTest" finished-at="2025-12-06T19:21:10 IST" duration-ms="362180">
      <class name="com.soucedemo.tests.HomeTest">
        <test-method is-config="true" signature="setUp(java.lang.String)[pri:0, instance:com.soucedemo.tests.HomeTest@4afcd809]" started-at="2025-12-06T19:15:08 IST" name="setUp" finished-at="2025-12-06T19:15:29 IST" duration-ms="20871" status="PASS">
          <params>
            <param index="0">
              <value>
                <![CDATA[chrome]]>
              </value>
            </param>
          </params>
          <reporter-output>
          </reporter-output>
        </test-method> <!-- setUp -->
        <test-method signature="homePageTitle()[pri:0, instance:com.soucedemo.tests.HomeTest@4afcd809]" started-at="2025-12-06T19:15:29 IST" name="homePageTitle" description="TC014: Verify the title of the home page" finished-at="2025-12-06T19:15:32 IST" duration-ms="3664" status="PASS">
          <reporter-output>
          </reporter-output>
        </test-method> <!-- homePageTitle -->
        <test-method is-config="true" signature="tearDown()[pri:0, instance:com.soucedemo.tests.HomeTest@4afcd809]" started-at="2025-12-06T19:15:32 IST" name="tearDown" finished-at="2025-12-06T19:15:37 IST" duration-ms="5071" status="PASS">
          <reporter-output>
          </reporter-output>
        </test-method> <!-- tearDown -->
        <test-method is-config="true" signature="setUp(java.lang.String)[pri:0, instance:com.soucedemo.tests.HomeTest@4afcd809]" started-at="2025-12-06T19:15:37 IST" name="setUp" finished-at="2025-12-06T19:15:51 IST" duration-ms="13246" status="PASS">
          <params>
            <param index="0">
              <value>
                <![CDATA[chrome]]>
              </value>
            </param>
          </params>
          <reporter-output>
          </reporter-output>
        </test-method> <!-- setUp -->
        <test-method signature="homePageUrl()[pri:0, instance:com.soucedemo.tests.HomeTest@4afcd809]" started-at="2025-12-06T19:15:51 IST" name="homePageUrl" description="TC015: Verify the url of the home page" finished-at="2025-12-06T19:15:55 IST" duration-ms="4261" status="PASS">
          <reporter-output>
          </reporter-output>
        </test-method> <!-- homePageUrl -->
        <test-method is-config="true" signature="tearDown()[pri:0, instance:com.soucedemo.tests.HomeTest@4afcd809]" started-at="2025-12-06T19:15:55 IST" name="tearDown" finished-at="2025-12-06T19:15:59 IST" duration-ms="4527" status="PASS">
          <reporter-output>
          </reporter-output>
        </test-method> <!-- tearDown -->
      </class> <!-- com.soucedemo.tests.HomeTest -->
      <class name="com.soucedemo.tests.LoginTest">
        <test-method is-config="true" signature="setUp(java.lang.String)[pri:0, instance:com.soucedemo.tests.LoginTest@4116aac9]" started-at="2025-12-06T19:15:59 IST" name="setUp" finished-at="2025-12-06T19:16:16 IST" duration-ms="16570" status="PASS">
          <params>
            <param index="0">
              <value>
                <![CDATA[chrome]]>
              </value>
            </param>
          </params>
          <reporter-output>
          </reporter-output>
        </test-method> <!-- setUp -->
        <test-method signature="loginButtonOnLoginPage()[pri:0, instance:com.soucedemo.tests.LoginTest@4116aac9]" started-at="2025-12-06T19:16:16 IST" name="loginButtonOnLoginPage" description="TC013: Verify ogin button is present on login page" finished-at="2025-12-06T19:16:17 IST" duration-ms="1572" status="PASS">
          <reporter-output>
          </reporter-output>
        </test-method> <!-- loginButtonOnLoginPage -->
        <test-method is-config="true" signature="tearDown()[pri:0, instance:com.soucedemo.tests.LoginTest@4116aac9]" started-at="2025-12-06T19:16:17 IST" name="tearDown" finished-at="2025-12-06T19:16:31 IST" duration-ms="13633" status="PASS">
          <reporter-output>
          </reporter-output>
        </test-method> <!-- tearDown -->
        <test-method is-config="true" signature="setUp(java.lang.String)[pri:0, instance:com.soucedemo.tests.LoginTest@4116aac9]" started-at="2025-12-06T19:16:31 IST" name="setUp" finished-at="2025-12-06T19:16:37 IST" duration-ms="6096" status="PASS">
          <params>
            <param index="0">
              <value>
                <![CDATA[chrome]]>
              </value>
            </param>
          </params>
          <reporter-output>
          </reporter-output>
        </test-method> <!-- setUp -->
        <test-method signature="loginEmptyUsernameEmptyPassword()[pri:0, instance:com.soucedemo.tests.LoginTest@4116aac9]" started-at="2025-12-06T19:16:37 IST" name="loginEmptyUsernameEmptyPassword" description="TC007: Verify user is able to login with empty username and empty password" finished-at="2025-12-06T19:16:43 IST" duration-ms="6270" status="PASS">
          <reporter-output>
          </reporter-output>
        </test-method> <!-- loginEmptyUsernameEmptyPassword -->
        <test-method is-config="true" signature="tearDown()[pri:0, instance:com.soucedemo.tests.LoginTest@4116aac9]" started-at="2025-12-06T19:16:43 IST" name="tearDown" finished-at="2025-12-06T19:17:09 IST" duration-ms="25348" status="PASS">
          <reporter-output>
          </reporter-output>
        </test-method> <!-- tearDown -->
        <test-method is-config="true" signature="setUp(java.lang.String)[pri:0, instance:com.soucedemo.tests.LoginTest@4116aac9]" started-at="2025-12-06T19:17:09 IST" name="setUp" finished-at="2025-12-06T19:17:17 IST" duration-ms="8514" status="PASS">
          <params>
            <param index="0">
              <value>
                <![CDATA[chrome]]>
              </value>
            </param>
          </params>
          <reporter-output>
          </reporter-output>
        </test-method> <!-- setUp -->
        <test-method signature="loginEmptyUsernameInvalidPassword()[pri:0, instance:com.soucedemo.tests.LoginTest@4116aac9]" started-at="2025-12-06T19:17:17 IST" name="loginEmptyUsernameInvalidPassword" description="TC006: Verify user is able to login with empty username and invalid password" finished-at="2025-12-06T19:17:21 IST" duration-ms="4098" status="PASS">
          <reporter-output>
          </reporter-output>
        </test-method> <!-- loginEmptyUsernameInvalidPassword -->
        <test-method is-config="true" signature="tearDown()[pri:0, instance:com.soucedemo.tests.LoginTest@4116aac9]" started-at="2025-12-06T19:17:21 IST" name="tearDown" finished-at="2025-12-06T19:17:25 IST" duration-ms="3847" status="PASS">
          <reporter-output>
          </reporter-output>
        </test-method> <!-- tearDown -->
        <test-method is-config="true" signature="setUp(java.lang.String)[pri:0, instance:com.soucedemo.tests.LoginTest@4116aac9]" started-at="2025-12-06T19:17:25 IST" name="setUp" finished-at="2025-12-06T19:17:48 IST" duration-ms="23118" status="PASS">
          <params>
            <param index="0">
              <value>
                <![CDATA[chrome]]>
              </value>
            </param>
          </params>
          <reporter-output>
          </reporter-output>
        </test-method> <!-- setUp -->
        <test-method signature="loginEmptyUsernameValidPassword()[pri:0, instance:com.soucedemo.tests.LoginTest@4116aac9]" started-at="2025-12-06T19:17:48 IST" name="loginEmptyUsernameValidPassword" description="TC005: Verify user is able to login with empty username and valid password" finished-at="2025-12-06T19:17:57 IST" duration-ms="8146" status="PASS">
          <reporter-output>
          </reporter-output>
        </test-method> <!-- loginEmptyUsernameValidPassword -->
        <test-method is-config="true" signature="tearDown()[pri:0, instance:com.soucedemo.tests.LoginTest@4116aac9]" started-at="2025-12-06T19:17:57 IST" name="tearDown" finished-at="2025-12-06T19:18:00 IST" duration-ms="3894" status="PASS">
          <reporter-output>
          </reporter-output>
        </test-method> <!-- tearDown -->
        <test-method is-config="true" signature="setUp(java.lang.String)[pri:0, instance:com.soucedemo.tests.LoginTest@4116aac9]" started-at="2025-12-06T19:18:00 IST" name="setUp" finished-at="2025-12-06T19:18:13 IST" duration-ms="13011" status="PASS">
          <params>
            <param index="0">
              <value>
                <![CDATA[chrome]]>
              </value>
            </param>
          </params>
          <reporter-output>
          </reporter-output>
        </test-method> <!-- setUp -->
        <test-method signature="loginInvalidUsernameEptyPassword()[pri:0, instance:com.soucedemo.tests.LoginTest@4116aac9]" started-at="2025-12-06T19:18:13 IST" name="loginInvalidUsernameEptyPassword" description="TC009: Verify user is able to login with invalid username and empty password" finished-at="2025-12-06T19:18:24 IST" duration-ms="10076" status="PASS">
          <reporter-output>
          </reporter-output>
        </test-method> <!-- loginInvalidUsernameEptyPassword -->
        <test-method is-config="true" signature="tearDown()[pri:0, instance:com.soucedemo.tests.LoginTest@4116aac9]" started-at="2025-12-06T19:18:24 IST" name="tearDown" finished-at="2025-12-06T19:18:31 IST" duration-ms="7248" status="PASS">
          <reporter-output>
          </reporter-output>
        </test-method> <!-- tearDown -->
        <test-method is-config="true" signature="setUp(java.lang.String)[pri:0, instance:com.soucedemo.tests.LoginTest@4116aac9]" started-at="2025-12-06T19:18:31 IST" name="setUp" finished-at="2025-12-06T19:18:40 IST" duration-ms="8767" status="PASS">
          <params>
            <param index="0">
              <value>
                <![CDATA[chrome]]>
              </value>
            </param>
          </params>
          <reporter-output>
          </reporter-output>
        </test-method> <!-- setUp -->
        <test-method signature="loginInvalidUsernameInvalidPassword()[pri:0, instance:com.soucedemo.tests.LoginTest@4116aac9]" started-at="2025-12-06T19:18:40 IST" name="loginInvalidUsernameInvalidPassword" description="TC004: Verify user is able to login with invalid username and invalid password" finished-at="2025-12-06T19:18:47 IST" duration-ms="7445" status="PASS">
          <reporter-output>
          </reporter-output>
        </test-method> <!-- loginInvalidUsernameInvalidPassword -->
        <test-method is-config="true" signature="tearDown()[pri:0, instance:com.soucedemo.tests.LoginTest@4116aac9]" started-at="2025-12-06T19:18:47 IST" name="tearDown" finished-at="2025-12-06T19:18:51 IST" duration-ms="4077" status="PASS">
          <reporter-output>
          </reporter-output>
        </test-method> <!-- tearDown -->
        <test-method is-config="true" signature="setUp(java.lang.String)[pri:0, instance:com.soucedemo.tests.LoginTest@4116aac9]" started-at="2025-12-06T19:18:51 IST" name="setUp" finished-at="2025-12-06T19:19:06 IST" duration-ms="14963" status="PASS">
          <params>
            <param index="0">
              <value>
                <![CDATA[chrome]]>
              </value>
            </param>
          </params>
          <reporter-output>
          </reporter-output>
        </test-method> <!-- setUp -->
        <test-method signature="loginInvalidUsernameValidPassword()[pri:0, instance:com.soucedemo.tests.LoginTest@4116aac9]" started-at="2025-12-06T19:19:06 IST" name="loginInvalidUsernameValidPassword" description="TC003: Verify user is able to login with invalid username and valid password" finished-at="2025-12-06T19:19:12 IST" duration-ms="5950" status="PASS">
          <reporter-output>
          </reporter-output>
        </test-method> <!-- loginInvalidUsernameValidPassword -->
        <test-method is-config="true" signature="tearDown()[pri:0, instance:com.soucedemo.tests.LoginTest@4116aac9]" started-at="2025-12-06T19:19:12 IST" name="tearDown" finished-at="2025-12-06T19:19:17 IST" duration-ms="5338" status="PASS">
          <reporter-output>
          </reporter-output>
        </test-method> <!-- tearDown -->
        <test-method is-config="true" signature="setUp(java.lang.String)[pri:0, instance:com.soucedemo.tests.LoginTest@4116aac9]" started-at="2025-12-06T19:19:17 IST" name="setUp" finished-at="2025-12-06T19:19:32 IST" duration-ms="14463" status="PASS">
          <params>
            <param index="0">
              <value>
                <![CDATA[chrome]]>
              </value>
            </param>
          </params>
          <reporter-output>
          </reporter-output>
        </test-method> <!-- setUp -->
        <test-method signature="loginPageLogo()[pri:0, instance:com.soucedemo.tests.LoginTest@4116aac9]" started-at="2025-12-06T19:19:32 IST" name="loginPageLogo" description="TC010: Verify swaglab logo present on login page" finished-at="2025-12-06T19:19:32 IST" duration-ms="222" status="PASS">
          <reporter-output>
          </reporter-output>
        </test-method> <!-- loginPageLogo -->
        <test-method is-config="true" signature="tearDown()[pri:0, instance:com.soucedemo.tests.LoginTest@4116aac9]" started-at="2025-12-06T19:19:32 IST" name="tearDown" finished-at="2025-12-06T19:19:36 IST" duration-ms="3455" status="PASS">
          <reporter-output>
          </reporter-output>
        </test-method> <!-- tearDown -->
        <test-method is-config="true" signature="setUp(java.lang.String)[pri:0, instance:com.soucedemo.tests.LoginTest@4116aac9]" started-at="2025-12-06T19:19:36 IST" name="setUp" finished-at="2025-12-06T19:19:49 IST" duration-ms="13042" status="PASS">
          <params>
            <param index="0">
              <value>
                <![CDATA[chrome]]>
              </value>
            </param>
          </params>
          <reporter-output>
          </reporter-output>
        </test-method> <!-- setUp -->
        <test-method signature="loginValidUsernameEmptyPassword()[pri:0, instance:com.soucedemo.tests.LoginTest@4116aac9]" started-at="2025-12-06T19:19:49 IST" name="loginValidUsernameEmptyPassword" description="TC008: Verify user is able to login with valid username and empty password" finished-at="2025-12-06T19:19:54 IST" duration-ms="5273" status="PASS">
          <reporter-output>
          </reporter-output>
        </test-method> <!-- loginValidUsernameEmptyPassword -->
        <test-method is-config="true" signature="tearDown()[pri:0, instance:com.soucedemo.tests.LoginTest@4116aac9]" started-at="2025-12-06T19:19:54 IST" name="tearDown" finished-at="2025-12-06T19:20:01 IST" duration-ms="7621" status="PASS">
          <reporter-output>
          </reporter-output>
        </test-method> <!-- tearDown -->
        <test-method is-config="true" signature="setUp(java.lang.String)[pri:0, instance:com.soucedemo.tests.LoginTest@4116aac9]" started-at="2025-12-06T19:20:01 IST" name="setUp" finished-at="2025-12-06T19:20:08 IST" duration-ms="6473" status="PASS">
          <params>
            <param index="0">
              <value>
                <![CDATA[chrome]]>
              </value>
            </param>
          </params>
          <reporter-output>
          </reporter-output>
        </test-method> <!-- setUp -->
        <test-method signature="loginValidUsernameInvalidPassword()[pri:0, instance:com.soucedemo.tests.LoginTest@4116aac9]" started-at="2025-12-06T19:20:08 IST" name="loginValidUsernameInvalidPassword" description="TC002: Verify user is able to login with valid username and invalid password" finished-at="2025-12-06T19:20:09 IST" duration-ms="1418" status="PASS">
          <reporter-output>
          </reporter-output>
        </test-method> <!-- loginValidUsernameInvalidPassword -->
        <test-method is-config="true" signature="tearDown()[pri:0, instance:com.soucedemo.tests.LoginTest@4116aac9]" started-at="2025-12-06T19:20:09 IST" name="tearDown" finished-at="2025-12-06T19:20:19 IST" duration-ms="9952" status="PASS">
          <reporter-output>
          </reporter-output>
        </test-method> <!-- tearDown -->
        <test-method is-config="true" signature="setUp(java.lang.String)[pri:0, instance:com.soucedemo.tests.LoginTest@4116aac9]" started-at="2025-12-06T19:20:19 IST" name="setUp" finished-at="2025-12-06T19:20:26 IST" duration-ms="6564" status="PASS">
          <params>
            <param index="0">
              <value>
                <![CDATA[chrome]]>
              </value>
            </param>
          </params>
          <reporter-output>
          </reporter-output>
        </test-method> <!-- setUp -->
        <test-method signature="loginValidUsernameValidPassword()[pri:0, instance:com.soucedemo.tests.LoginTest@4116aac9]" started-at="2025-12-06T19:20:26 IST" name="loginValidUsernameValidPassword" description="TC001: Verify user is able to login with valid username and valid password" finished-at="2025-12-06T19:20:30 IST" duration-ms="3964" status="PASS">
          <reporter-output>
          </reporter-output>
        </test-method> <!-- loginValidUsernameValidPassword -->
        <test-method is-config="true" signature="tearDown()[pri:0, instance:com.soucedemo.tests.LoginTest@4116aac9]" started-at="2025-12-06T19:20:30 IST" name="tearDown" finished-at="2025-12-06T19:20:37 IST" duration-ms="7187" status="PASS">
          <reporter-output>
          </reporter-output>
        </test-method> <!-- tearDown -->
        <test-method is-config="true" signature="setUp(java.lang.String)[pri:0, instance:com.soucedemo.tests.LoginTest@4116aac9]" started-at="2025-12-06T19:20:37 IST" name="setUp" finished-at="2025-12-06T19:20:48 IST" duration-ms="10814" status="PASS">
          <params>
            <param index="0">
              <value>
                <![CDATA[chrome]]>
              </value>
            </param>
          </params>
          <reporter-output>
          </reporter-output>
        </test-method> <!-- setUp -->
        <test-method signature="passwordTextBoxOnLoginPage()[pri:0, instance:com.soucedemo.tests.LoginTest@4116aac9]" started-at="2025-12-06T19:20:48 IST" name="passwordTextBoxOnLoginPage" description="TC012: Verify password textbox is present on login page" finished-at="2025-12-06T19:20:48 IST" duration-ms="447" status="PASS">
          <reporter-output>
          </reporter-output>
        </test-method> <!-- passwordTextBoxOnLoginPage -->
        <test-method is-config="true" signature="tearDown()[pri:0, instance:com.soucedemo.tests.LoginTest@4116aac9]" started-at="2025-12-06T19:20:48 IST" name="tearDown" finished-at="2025-12-06T19:20:57 IST" duration-ms="8783" status="PASS">
          <reporter-output>
          </reporter-output>
        </test-method> <!-- tearDown -->
        <test-method is-config="true" signature="setUp(java.lang.String)[pri:0, instance:com.soucedemo.tests.LoginTest@4116aac9]" started-at="2025-12-06T19:20:57 IST" name="setUp" finished-at="2025-12-06T19:21:07 IST" duration-ms="9984" status="PASS">
          <params>
            <param index="0">
              <value>
                <![CDATA[chrome]]>
              </value>
            </param>
          </params>
          <reporter-output>
          </reporter-output>
        </test-method> <!-- setUp -->
        <test-method signature="usrnameTextBoxOnLoginPage()[pri:0, instance:com.soucedemo.tests.LoginTest@4116aac9]" started-at="2025-12-06T19:21:07 IST" name="usrnameTextBoxOnLoginPage" description="TC011: Verify username textbox is present on login page" finished-at="2025-12-06T19:21:07 IST" duration-ms="196" status="PASS">
          <reporter-output>
          </reporter-output>
        </test-method> <!-- usrnameTextBoxOnLoginPage -->
        <test-method is-config="true" signature="tearDown()[pri:0, instance:com.soucedemo.tests.LoginTest@4116aac9]" started-at="2025-12-06T19:21:07 IST" name="tearDown" finished-at="2025-12-06T19:21:10 IST" duration-ms="2359" status="PASS">
          <reporter-output>
          </reporter-output>
        </test-method> <!-- tearDown -->
      </class> <!-- com.soucedemo.tests.LoginTest -->
    </test> <!-- ChromeTest -->
    <test started-at="2025-12-06T19:15:07 IST" name="EdgeTest" finished-at="2025-12-06T19:21:25 IST" duration-ms="377183">
      <class name="com.soucedemo.tests.HomeTest">
        <test-method is-config="true" signature="setUp(java.lang.String)[pri:0, instance:com.soucedemo.tests.HomeTest@305b7c14]" started-at="2025-12-06T19:15:08 IST" name="setUp" finished-at="2025-12-06T19:15:22 IST" duration-ms="13978" status="PASS">
          <params>
            <param index="0">
              <value>
                <![CDATA[edge]]>
              </value>
            </param>
          </params>
          <reporter-output>
          </reporter-output>
        </test-method> <!-- setUp -->
        <test-method signature="homePageTitle()[pri:0, instance:com.soucedemo.tests.HomeTest@305b7c14]" started-at="2025-12-06T19:15:22 IST" name="homePageTitle" description="TC014: Verify the title of the home page" finished-at="2025-12-06T19:15:25 IST" duration-ms="3200" status="PASS">
          <reporter-output>
          </reporter-output>
        </test-method> <!-- homePageTitle -->
        <test-method is-config="true" signature="tearDown()[pri:0, instance:com.soucedemo.tests.HomeTest@305b7c14]" started-at="2025-12-06T19:15:25 IST" name="tearDown" finished-at="2025-12-06T19:15:36 IST" duration-ms="10877" status="PASS">
          <reporter-output>
          </reporter-output>
        </test-method> <!-- tearDown -->
        <test-method is-config="true" signature="setUp(java.lang.String)[pri:0, instance:com.soucedemo.tests.HomeTest@305b7c14]" started-at="2025-12-06T19:15:36 IST" name="setUp" finished-at="2025-12-06T19:15:46 IST" duration-ms="10538" status="PASS">
          <params>
            <param index="0">
              <value>
                <![CDATA[edge]]>
              </value>
            </param>
          </params>
          <reporter-output>
          </reporter-output>
        </test-method> <!-- setUp -->
        <test-method signature="homePageUrl()[pri:0, instance:com.soucedemo.tests.HomeTest@305b7c14]" started-at="2025-12-06T19:15:46 IST" name="homePageUrl" description="TC015: Verify the url of the home page" finished-at="2025-12-06T19:15:55 IST" duration-ms="8275" status="PASS">
          <reporter-output>
          </reporter-output>
        </test-method> <!-- homePageUrl -->
        <test-method is-config="true" signature="tearDown()[pri:0, instance:com.soucedemo.tests.HomeTest@305b7c14]" started-at="2025-12-06T19:15:55 IST" name="tearDown" finished-at="2025-12-06T19:16:00 IST" duration-ms="5583" status="PASS">
          <reporter-output>
          </reporter-output>
        </test-method> <!-- tearDown -->
      </class> <!-- com.soucedemo.tests.HomeTest -->
      <class name="com.soucedemo.tests.LoginTest">
        <test-method is-config="true" signature="setUp(java.lang.String)[pri:0, instance:com.soucedemo.tests.LoginTest@6913c1fb]" started-at="2025-12-06T19:16:00 IST" name="setUp" finished-at="2025-12-06T19:16:19 IST" duration-ms="18858" status="PASS">
          <params>
            <param index="0">
              <value>
                <![CDATA[edge]]>
              </value>
            </param>
          </params>
          <reporter-output>
          </reporter-output>
        </test-method> <!-- setUp -->
        <test-method signature="loginButtonOnLoginPage()[pri:0, instance:com.soucedemo.tests.LoginTest@6913c1fb]" started-at="2025-12-06T19:16:19 IST" name="loginButtonOnLoginPage" description="TC013: Verify ogin button is present on login page" finished-at="2025-12-06T19:16:20 IST" duration-ms="738" status="PASS">
          <reporter-output>
          </reporter-output>
        </test-method> <!-- loginButtonOnLoginPage -->
        <test-method is-config="true" signature="tearDown()[pri:0, instance:com.soucedemo.tests.LoginTest@6913c1fb]" started-at="2025-12-06T19:16:20 IST" name="tearDown" finished-at="2025-12-06T19:16:45 IST" duration-ms="25563" status="PASS">
          <reporter-output>
          </reporter-output>
        </test-method> <!-- tearDown -->
        <test-method is-config="true" signature="setUp(java.lang.String)[pri:0, instance:com.soucedemo.tests.LoginTest@6913c1fb]" started-at="2025-12-06T19:16:45 IST" name="setUp" finished-at="2025-12-06T19:17:00 IST" duration-ms="14387" status="PASS">
          <params>
            <param index="0">
              <value>
                <![CDATA[edge]]>
              </value>
            </param>
          </params>
          <reporter-output>
          </reporter-output>
        </test-method> <!-- setUp -->
        <test-method signature="loginEmptyUsernameEmptyPassword()[pri:0, instance:com.soucedemo.tests.LoginTest@6913c1fb]" started-at="2025-12-06T19:17:00 IST" name="loginEmptyUsernameEmptyPassword" description="TC007: Verify user is able to login with empty username and empty password" finished-at="2025-12-06T19:17:05 IST" duration-ms="5071" status="PASS">
          <reporter-output>
          </reporter-output>
        </test-method> <!-- loginEmptyUsernameEmptyPassword -->
        <test-method is-config="true" signature="tearDown()[pri:0, instance:com.soucedemo.tests.LoginTest@6913c1fb]" started-at="2025-12-06T19:17:05 IST" name="tearDown" finished-at="2025-12-06T19:17:08 IST" duration-ms="2757" status="PASS">
          <reporter-output>
          </reporter-output>
        </test-method> <!-- tearDown -->
        <test-method is-config="true" signature="setUp(java.lang.String)[pri:0, instance:com.soucedemo.tests.LoginTest@6913c1fb]" started-at="2025-12-06T19:17:08 IST" name="setUp" finished-at="2025-12-06T19:17:16 IST" duration-ms="8914" status="PASS">
          <params>
            <param index="0">
              <value>
                <![CDATA[edge]]>
              </value>
            </param>
          </params>
          <reporter-output>
          </reporter-output>
        </test-method> <!-- setUp -->
        <test-method signature="loginEmptyUsernameInvalidPassword()[pri:0, instance:com.soucedemo.tests.LoginTest@6913c1fb]" started-at="2025-12-06T19:17:16 IST" name="loginEmptyUsernameInvalidPassword" description="TC006: Verify user is able to login with empty username and invalid password" finished-at="2025-12-06T19:17:22 IST" duration-ms="5875" status="PASS">
          <reporter-output>
          </reporter-output>
        </test-method> <!-- loginEmptyUsernameInvalidPassword -->
        <test-method is-config="true" signature="tearDown()[pri:0, instance:com.soucedemo.tests.LoginTest@6913c1fb]" started-at="2025-12-06T19:17:22 IST" name="tearDown" finished-at="2025-12-06T19:17:35 IST" duration-ms="13163" status="PASS">
          <reporter-output>
          </reporter-output>
        </test-method> <!-- tearDown -->
        <test-method is-config="true" signature="setUp(java.lang.String)[pri:0, instance:com.soucedemo.tests.LoginTest@6913c1fb]" started-at="2025-12-06T19:17:35 IST" name="setUp" finished-at="2025-12-06T19:17:55 IST" duration-ms="19077" status="PASS">
          <params>
            <param index="0">
              <value>
                <![CDATA[edge]]>
              </value>
            </param>
          </params>
          <reporter-output>
          </reporter-output>
        </test-method> <!-- setUp -->
        <test-method signature="loginEmptyUsernameValidPassword()[pri:0, instance:com.soucedemo.tests.LoginTest@6913c1fb]" started-at="2025-12-06T19:17:55 IST" name="loginEmptyUsernameValidPassword" description="TC005: Verify user is able to login with empty username and valid password" finished-at="2025-12-06T19:17:57 IST" duration-ms="2619" status="PASS">
          <reporter-output>
          </reporter-output>
        </test-method> <!-- loginEmptyUsernameValidPassword -->
        <test-method is-config="true" signature="tearDown()[pri:0, instance:com.soucedemo.tests.LoginTest@6913c1fb]" started-at="2025-12-06T19:17:57 IST" name="tearDown" finished-at="2025-12-06T19:18:02 IST" duration-ms="4315" status="PASS">
          <reporter-output>
          </reporter-output>
        </test-method> <!-- tearDown -->
        <test-method is-config="true" signature="setUp(java.lang.String)[pri:0, instance:com.soucedemo.tests.LoginTest@6913c1fb]" started-at="2025-12-06T19:18:02 IST" name="setUp" finished-at="2025-12-06T19:18:19 IST" duration-ms="17562" status="PASS">
          <params>
            <param index="0">
              <value>
                <![CDATA[edge]]>
              </value>
            </param>
          </params>
          <reporter-output>
          </reporter-output>
        </test-method> <!-- setUp -->
        <test-method signature="loginInvalidUsernameEptyPassword()[pri:0, instance:com.soucedemo.tests.LoginTest@6913c1fb]" started-at="2025-12-06T19:18:19 IST" name="loginInvalidUsernameEptyPassword" description="TC009: Verify user is able to login with invalid username and empty password" finished-at="2025-12-06T19:18:25 IST" duration-ms="6432" status="PASS">
          <reporter-output>
          </reporter-output>
        </test-method> <!-- loginInvalidUsernameEptyPassword -->
        <test-method is-config="true" signature="tearDown()[pri:0, instance:com.soucedemo.tests.LoginTest@6913c1fb]" started-at="2025-12-06T19:18:26 IST" name="tearDown" finished-at="2025-12-06T19:18:32 IST" duration-ms="6450" status="PASS">
          <reporter-output>
          </reporter-output>
        </test-method> <!-- tearDown -->
        <test-method is-config="true" signature="setUp(java.lang.String)[pri:0, instance:com.soucedemo.tests.LoginTest@6913c1fb]" started-at="2025-12-06T19:18:32 IST" name="setUp" finished-at="2025-12-06T19:18:46 IST" duration-ms="13691" status="PASS">
          <params>
            <param index="0">
              <value>
                <![CDATA[edge]]>
              </value>
            </param>
          </params>
          <reporter-output>
          </reporter-output>
        </test-method> <!-- setUp -->
        <test-method signature="loginInvalidUsernameInvalidPassword()[pri:0, instance:com.soucedemo.tests.LoginTest@6913c1fb]" started-at="2025-12-06T19:18:46 IST" name="loginInvalidUsernameInvalidPassword" description="TC004: Verify user is able to login with invalid username and invalid password" finished-at="2025-12-06T19:18:48 IST" duration-ms="2447" status="PASS">
          <reporter-output>
          </reporter-output>
        </test-method> <!-- loginInvalidUsernameInvalidPassword -->
        <test-method is-config="true" signature="tearDown()[pri:0, instance:com.soucedemo.tests.LoginTest@6913c1fb]" started-at="2025-12-06T19:18:48 IST" name="tearDown" finished-at="2025-12-06T19:18:50 IST" duration-ms="1905" status="PASS">
          <reporter-output>
          </reporter-output>
        </test-method> <!-- tearDown -->
        <test-method is-config="true" signature="setUp(java.lang.String)[pri:0, instance:com.soucedemo.tests.LoginTest@6913c1fb]" started-at="2025-12-06T19:18:50 IST" name="setUp" finished-at="2025-12-06T19:19:02 IST" duration-ms="12050" status="PASS">
          <params>
            <param index="0">
              <value>
                <![CDATA[edge]]>
              </value>
            </param>
          </params>
          <reporter-output>
          </reporter-output>
        </test-method> <!-- setUp -->
        <test-method signature="loginInvalidUsernameValidPassword()[pri:0, instance:com.soucedemo.tests.LoginTest@6913c1fb]" started-at="2025-12-06T19:19:02 IST" name="loginInvalidUsernameValidPassword" description="TC003: Verify user is able to login with invalid username and valid password" finished-at="2025-12-06T19:19:10 IST" duration-ms="7636" status="PASS">
          <reporter-output>
          </reporter-output>
        </test-method> <!-- loginInvalidUsernameValidPassword -->
        <test-method is-config="true" signature="tearDown()[pri:0, instance:com.soucedemo.tests.LoginTest@6913c1fb]" started-at="2025-12-06T19:19:10 IST" name="tearDown" finished-at="2025-12-06T19:19:16 IST" duration-ms="6354" status="PASS">
          <reporter-output>
          </reporter-output>
        </test-method> <!-- tearDown -->
        <test-method is-config="true" signature="setUp(java.lang.String)[pri:0, instance:com.soucedemo.tests.LoginTest@6913c1fb]" started-at="2025-12-06T19:19:16 IST" name="setUp" finished-at="2025-12-06T19:19:28 IST" duration-ms="11719" status="PASS">
          <params>
            <param index="0">
              <value>
                <![CDATA[edge]]>
              </value>
            </param>
          </params>
          <reporter-output>
          </reporter-output>
        </test-method> <!-- setUp -->
        <test-method signature="loginPageLogo()[pri:0, instance:com.soucedemo.tests.LoginTest@6913c1fb]" started-at="2025-12-06T19:19:28 IST" name="loginPageLogo" description="TC010: Verify swaglab logo present on login page" finished-at="2025-12-06T19:19:30 IST" duration-ms="2235" status="PASS">
          <reporter-output>
          </reporter-output>
        </test-method> <!-- loginPageLogo -->
        <test-method is-config="true" signature="tearDown()[pri:0, instance:com.soucedemo.tests.LoginTest@6913c1fb]" started-at="2025-12-06T19:19:30 IST" name="tearDown" finished-at="2025-12-06T19:19:35 IST" duration-ms="5057" status="PASS">
          <reporter-output>
          </reporter-output>
        </test-method> <!-- tearDown -->
        <test-method is-config="true" signature="setUp(java.lang.String)[pri:0, instance:com.soucedemo.tests.LoginTest@6913c1fb]" started-at="2025-12-06T19:19:35 IST" name="setUp" finished-at="2025-12-06T19:19:42 IST" duration-ms="7088" status="PASS">
          <params>
            <param index="0">
              <value>
                <![CDATA[edge]]>
              </value>
            </param>
          </params>
          <reporter-output>
          </reporter-output>
        </test-method> <!-- setUp -->
        <test-method signature="loginValidUsernameEmptyPassword()[pri:0, instance:com.soucedemo.tests.LoginTest@6913c1fb]" started-at="2025-12-06T19:19:42 IST" name="loginValidUsernameEmptyPassword" description="TC008: Verify user is able to login with valid username and empty password" finished-at="2025-12-06T19:19:55 IST" duration-ms="13212" status="PASS">
          <reporter-output>
          </reporter-output>
        </test-method> <!-- loginValidUsernameEmptyPassword -->
        <test-method is-config="true" signature="tearDown()[pri:0, instance:com.soucedemo.tests.LoginTest@6913c1fb]" started-at="2025-12-06T19:19:55 IST" name="tearDown" finished-at="2025-12-06T19:20:09 IST" duration-ms="13341" status="PASS">
          <reporter-output>
          </reporter-output>
        </test-method> <!-- tearDown -->
        <test-method is-config="true" signature="setUp(java.lang.String)[pri:0, instance:com.soucedemo.tests.LoginTest@6913c1fb]" started-at="2025-12-06T19:20:09 IST" name="setUp" finished-at="2025-12-06T19:20:16 IST" duration-ms="7735" status="PASS">
          <params>
            <param index="0">
              <value>
                <![CDATA[edge]]>
              </value>
            </param>
          </params>
          <reporter-output>
          </reporter-output>
        </test-method> <!-- setUp -->
        <test-method signature="loginValidUsernameInvalidPassword()[pri:0, instance:com.soucedemo.tests.LoginTest@6913c1fb]" started-at="2025-12-06T19:20:16 IST" name="loginValidUsernameInvalidPassword" description="TC002: Verify user is able to login with valid username and invalid password" finished-at="2025-12-06T19:20:19 IST" duration-ms="2304" status="PASS">
          <reporter-output>
          </reporter-output>
        </test-method> <!-- loginValidUsernameInvalidPassword -->
        <test-method is-config="true" signature="tearDown()[pri:0, instance:com.soucedemo.tests.LoginTest@6913c1fb]" started-at="2025-12-06T19:20:19 IST" name="tearDown" finished-at="2025-12-06T19:20:37 IST" duration-ms="18260" status="PASS">
          <reporter-output>
          </reporter-output>
        </test-method> <!-- tearDown -->
        <test-method is-config="true" signature="setUp(java.lang.String)[pri:0, instance:com.soucedemo.tests.LoginTest@6913c1fb]" started-at="2025-12-06T19:20:37 IST" name="setUp" finished-at="2025-12-06T19:20:46 IST" duration-ms="8568" status="PASS">
          <params>
            <param index="0">
              <value>
                <![CDATA[edge]]>
              </value>
            </param>
          </params>
          <reporter-output>
          </reporter-output>
        </test-method> <!-- setUp -->
        <test-method signature="loginValidUsernameValidPassword()[pri:0, instance:com.soucedemo.tests.LoginTest@6913c1fb]" started-at="2025-12-06T19:20:46 IST" name="loginValidUsernameValidPassword" description="TC001: Verify user is able to login with valid username and valid password" finished-at="2025-12-06T19:20:53 IST" duration-ms="7714" status="PASS">
          <reporter-output>
          </reporter-output>
        </test-method> <!-- loginValidUsernameValidPassword -->
        <test-method is-config="true" signature="tearDown()[pri:0, instance:com.soucedemo.tests.LoginTest@6913c1fb]" started-at="2025-12-06T19:20:53 IST" name="tearDown" finished-at="2025-12-06T19:20:56 IST" duration-ms="3107" status="PASS">
          <reporter-output>
          </reporter-output>
        </test-method> <!-- tearDown -->
        <test-method is-config="true" signature="setUp(java.lang.String)[pri:0, instance:com.soucedemo.tests.LoginTest@6913c1fb]" started-at="2025-12-06T19:20:56 IST" name="setUp" finished-at="2025-12-06T19:21:08 IST" duration-ms="11359" status="PASS">
          <params>
            <param index="0">
              <value>
                <![CDATA[edge]]>
              </value>
            </param>
          </params>
          <reporter-output>
          </reporter-output>
        </test-method> <!-- setUp -->
        <test-method signature="passwordTextBoxOnLoginPage()[pri:0, instance:com.soucedemo.tests.LoginTest@6913c1fb]" started-at="2025-12-06T19:21:08 IST" name="passwordTextBoxOnLoginPage" description="TC012: Verify password textbox is present on login page" finished-at="2025-12-06T19:21:08 IST" duration-ms="122" status="PASS">
          <reporter-output>
          </reporter-output>
        </test-method> <!-- passwordTextBoxOnLoginPage -->
        <test-method is-config="true" signature="tearDown()[pri:0, instance:com.soucedemo.tests.LoginTest@6913c1fb]" started-at="2025-12-06T19:21:08 IST" name="tearDown" finished-at="2025-12-06T19:21:10 IST" duration-ms="2051" status="PASS">
          <reporter-output>
          </reporter-output>
        </test-method> <!-- tearDown -->
        <test-method is-config="true" signature="setUp(java.lang.String)[pri:0, instance:com.soucedemo.tests.LoginTest@6913c1fb]" started-at="2025-12-06T19:21:10 IST" name="setUp" finished-at="2025-12-06T19:21:17 IST" duration-ms="7082" status="PASS">
          <params>
            <param index="0">
              <value>
                <![CDATA[edge]]>
              </value>
            </param>
          </params>
          <reporter-output>
          </reporter-output>
        </test-method> <!-- setUp -->
        <test-method signature="usrnameTextBoxOnLoginPage()[pri:0, instance:com.soucedemo.tests.LoginTest@6913c1fb]" started-at="2025-12-06T19:21:17 IST" name="usrnameTextBoxOnLoginPage" description="TC011: Verify username textbox is present on login page" finished-at="2025-12-06T19:21:17 IST" duration-ms="323" status="PASS">
          <reporter-output>
          </reporter-output>
        </test-method> <!-- usrnameTextBoxOnLoginPage -->
        <test-method is-config="true" signature="tearDown()[pri:0, instance:com.soucedemo.tests.LoginTest@6913c1fb]" started-at="2025-12-06T19:21:17 IST" name="tearDown" finished-at="2025-12-06T19:21:25 IST" duration-ms="7301" status="PASS">
          <reporter-output>
          </reporter-output>
        </test-method> <!-- tearDown -->
      </class> <!-- com.soucedemo.tests.LoginTest -->
    </test> <!-- EdgeTest -->
    <test started-at="2025-12-06T19:15:07 IST" name="FirefoxTest" finished-at="2025-12-06T19:23:26 IST" duration-ms="498208">
      <class name="com.soucedemo.tests.HomeTest">
        <test-method is-config="true" signature="setUp(java.lang.String)[pri:0, instance:com.soucedemo.tests.HomeTest@2de23121]" started-at="2025-12-06T19:15:08 IST" name="setUp" finished-at="2025-12-06T19:15:39 IST" duration-ms="31096" status="PASS">
          <params>
            <param index="0">
              <value>
                <![CDATA[firefox]]>
              </value>
            </param>
          </params>
          <reporter-output>
          </reporter-output>
        </test-method> <!-- setUp -->
        <test-method signature="homePageTitle()[pri:0, instance:com.soucedemo.tests.HomeTest@2de23121]" started-at="2025-12-06T19:15:39 IST" name="homePageTitle" description="TC014: Verify the title of the home page" finished-at="2025-12-06T19:15:42 IST" duration-ms="3158" status="PASS">
          <reporter-output>
          </reporter-output>
        </test-method> <!-- homePageTitle -->
        <test-method is-config="true" signature="tearDown()[pri:0, instance:com.soucedemo.tests.HomeTest@2de23121]" started-at="2025-12-06T19:15:42 IST" name="tearDown" finished-at="2025-12-06T19:15:58 IST" duration-ms="15796" status="PASS">
          <reporter-output>
          </reporter-output>
        </test-method> <!-- tearDown -->
        <test-method is-config="true" signature="setUp(java.lang.String)[pri:0, instance:com.soucedemo.tests.HomeTest@2de23121]" started-at="2025-12-06T19:15:58 IST" name="setUp" finished-at="2025-12-06T19:16:26 IST" duration-ms="27996" status="PASS">
          <params>
            <param index="0">
              <value>
                <![CDATA[firefox]]>
              </value>
            </param>
          </params>
          <reporter-output>
          </reporter-output>
        </test-method> <!-- setUp -->
        <test-method signature="homePageUrl()[pri:0, instance:com.soucedemo.tests.HomeTest@2de23121]" started-at="2025-12-06T19:16:26 IST" name="homePageUrl" description="TC015: Verify the url of the home page" finished-at="2025-12-06T19:16:28 IST" duration-ms="2420" status="PASS">
          <reporter-output>
          </reporter-output>
        </test-method> <!-- homePageUrl -->
        <test-method is-config="true" signature="tearDown()[pri:0, instance:com.soucedemo.tests.HomeTest@2de23121]" started-at="2025-12-06T19:16:28 IST" name="tearDown" finished-at="2025-12-06T19:16:38 IST" duration-ms="9967" status="PASS">
          <reporter-output>
          </reporter-output>
        </test-method> <!-- tearDown -->
      </class> <!-- com.soucedemo.tests.HomeTest -->
      <class name="com.soucedemo.tests.LoginTest">
        <test-method is-config="true" signature="setUp(java.lang.String)[pri:0, instance:com.soucedemo.tests.LoginTest@63475ace]" started-at="2025-12-06T19:16:38 IST" name="setUp" finished-at="2025-12-06T19:17:05 IST" duration-ms="27265" status="PASS">
          <params>
            <param index="0">
              <value>
                <![CDATA[firefox]]>
              </value>
            </param>
          </params>
          <reporter-output>
          </reporter-output>
        </test-method> <!-- setUp -->
        <test-method signature="loginButtonOnLoginPage()[pri:0, instance:com.soucedemo.tests.LoginTest@63475ace]" started-at="2025-12-06T19:17:05 IST" name="loginButtonOnLoginPage" description="TC013: Verify ogin button is present on login page" finished-at="2025-12-06T19:17:06 IST" duration-ms="284" status="PASS">
          <reporter-output>
          </reporter-output>
        </test-method> <!-- loginButtonOnLoginPage -->
        <test-method is-config="true" signature="tearDown()[pri:0, instance:com.soucedemo.tests.LoginTest@63475ace]" started-at="2025-12-06T19:17:06 IST" name="tearDown" finished-at="2025-12-06T19:17:19 IST" duration-ms="13550" status="PASS">
          <reporter-output>
          </reporter-output>
        </test-method> <!-- tearDown -->
        <test-method is-config="true" signature="setUp(java.lang.String)[pri:0, instance:com.soucedemo.tests.LoginTest@63475ace]" started-at="2025-12-06T19:17:19 IST" name="setUp" finished-at="2025-12-06T19:17:46 IST" duration-ms="26647" status="PASS">
          <params>
            <param index="0">
              <value>
                <![CDATA[firefox]]>
              </value>
            </param>
          </params>
          <reporter-output>
          </reporter-output>
        </test-method> <!-- setUp -->
        <test-method signature="loginEmptyUsernameEmptyPassword()[pri:0, instance:com.soucedemo.tests.LoginTest@63475ace]" started-at="2025-12-06T19:17:46 IST" name="loginEmptyUsernameEmptyPassword" description="TC007: Verify user is able to login with empty username and empty password" finished-at="2025-12-06T19:17:50 IST" duration-ms="4321" status="PASS">
          <reporter-output>
          </reporter-output>
        </test-method> <!-- loginEmptyUsernameEmptyPassword -->
        <test-method is-config="true" signature="tearDown()[pri:0, instance:com.soucedemo.tests.LoginTest@63475ace]" started-at="2025-12-06T19:17:50 IST" name="tearDown" finished-at="2025-12-06T19:17:59 IST" duration-ms="8758" status="PASS">
          <reporter-output>
          </reporter-output>
        </test-method> <!-- tearDown -->
        <test-method is-config="true" signature="setUp(java.lang.String)[pri:0, instance:com.soucedemo.tests.LoginTest@63475ace]" started-at="2025-12-06T19:17:59 IST" name="setUp" finished-at="2025-12-06T19:18:28 IST" duration-ms="29453" status="PASS">
          <params>
            <param index="0">
              <value>
                <![CDATA[firefox]]>
              </value>
            </param>
          </params>
          <reporter-output>
          </reporter-output>
        </test-method> <!-- setUp -->
        <test-method signature="loginEmptyUsernameInvalidPassword()[pri:0, instance:com.soucedemo.tests.LoginTest@63475ace]" started-at="2025-12-06T19:18:28 IST" name="loginEmptyUsernameInvalidPassword" description="TC006: Verify user is able to login with empty username and invalid password" finished-at="2025-12-06T19:18:30 IST" duration-ms="1426" status="PASS">
          <reporter-output>
          </reporter-output>
        </test-method> <!-- loginEmptyUsernameInvalidPassword -->
        <test-method is-config="true" signature="tearDown()[pri:0, instance:com.soucedemo.tests.LoginTest@63475ace]" started-at="2025-12-06T19:18:30 IST" name="tearDown" finished-at="2025-12-06T19:18:50 IST" duration-ms="19775" status="PASS">
          <reporter-output>
          </reporter-output>
        </test-method> <!-- tearDown -->
        <test-method is-config="true" signature="setUp(java.lang.String)[pri:0, instance:com.soucedemo.tests.LoginTest@63475ace]" started-at="2025-12-06T19:18:50 IST" name="setUp" finished-at="2025-12-06T19:19:20 IST" duration-ms="30405" status="PASS">
          <params>
            <param index="0">
              <value>
                <![CDATA[firefox]]>
              </value>
            </param>
          </params>
          <reporter-output>
          </reporter-output>
        </test-method> <!-- setUp -->
        <test-method signature="loginEmptyUsernameValidPassword()[pri:0, instance:com.soucedemo.tests.LoginTest@63475ace]" started-at="2025-12-06T19:19:20 IST" name="loginEmptyUsernameValidPassword" description="TC005: Verify user is able to login with empty username and valid password" finished-at="2025-12-06T19:19:22 IST" duration-ms="2126" status="PASS">
          <reporter-output>
          </reporter-output>
        </test-method> <!-- loginEmptyUsernameValidPassword -->
        <test-method is-config="true" signature="tearDown()[pri:0, instance:com.soucedemo.tests.LoginTest@63475ace]" started-at="2025-12-06T19:19:22 IST" name="tearDown" finished-at="2025-12-06T19:19:33 IST" duration-ms="11286" status="PASS">
          <reporter-output>
          </reporter-output>
        </test-method> <!-- tearDown -->
        <test-method is-config="true" signature="setUp(java.lang.String)[pri:0, instance:com.soucedemo.tests.LoginTest@63475ace]" started-at="2025-12-06T19:19:33 IST" name="setUp" finished-at="2025-12-06T19:20:00 IST" duration-ms="26869" status="PASS">
          <params>
            <param index="0">
              <value>
                <![CDATA[firefox]]>
              </value>
            </param>
          </params>
          <reporter-output>
          </reporter-output>
        </test-method> <!-- setUp -->
        <test-method signature="loginInvalidUsernameEptyPassword()[pri:0, instance:com.soucedemo.tests.LoginTest@63475ace]" started-at="2025-12-06T19:20:00 IST" name="loginInvalidUsernameEptyPassword" description="TC009: Verify user is able to login with invalid username and empty password" finished-at="2025-12-06T19:20:02 IST" duration-ms="1454" status="PASS">
          <reporter-output>
          </reporter-output>
        </test-method> <!-- loginInvalidUsernameEptyPassword -->
        <test-method is-config="true" signature="tearDown()[pri:0, instance:com.soucedemo.tests.LoginTest@63475ace]" started-at="2025-12-06T19:20:02 IST" name="tearDown" finished-at="2025-12-06T19:20:17 IST" duration-ms="15040" status="PASS">
          <reporter-output>
          </reporter-output>
        </test-method> <!-- tearDown -->
        <test-method is-config="true" signature="setUp(java.lang.String)[pri:0, instance:com.soucedemo.tests.LoginTest@63475ace]" started-at="2025-12-06T19:20:17 IST" name="setUp" finished-at="2025-12-06T19:20:53 IST" duration-ms="35774" status="PASS">
          <params>
            <param index="0">
              <value>
                <![CDATA[firefox]]>
              </value>
            </param>
          </params>
          <reporter-output>
          </reporter-output>
        </test-method> <!-- setUp -->
        <test-method signature="loginInvalidUsernameInvalidPassword()[pri:0, instance:com.soucedemo.tests.LoginTest@63475ace]" started-at="2025-12-06T19:20:53 IST" name="loginInvalidUsernameInvalidPassword" description="TC004: Verify user is able to login with invalid username and invalid password" finished-at="2025-12-06T19:20:55 IST" duration-ms="2345" status="PASS">
          <reporter-output>
          </reporter-output>
        </test-method> <!-- loginInvalidUsernameInvalidPassword -->
        <test-method is-config="true" signature="tearDown()[pri:0, instance:com.soucedemo.tests.LoginTest@63475ace]" started-at="2025-12-06T19:20:55 IST" name="tearDown" finished-at="2025-12-06T19:21:10 IST" duration-ms="14845" status="PASS">
          <reporter-output>
          </reporter-output>
        </test-method> <!-- tearDown -->
        <test-method is-config="true" signature="setUp(java.lang.String)[pri:0, instance:com.soucedemo.tests.LoginTest@63475ace]" started-at="2025-12-06T19:21:10 IST" name="setUp" finished-at="2025-12-06T19:21:29 IST" duration-ms="19568" status="PASS">
          <params>
            <param index="0">
              <value>
                <![CDATA[firefox]]>
              </value>
            </param>
          </params>
          <reporter-output>
          </reporter-output>
        </test-method> <!-- setUp -->
        <test-method signature="loginInvalidUsernameValidPassword()[pri:0, instance:com.soucedemo.tests.LoginTest@63475ace]" started-at="2025-12-06T19:21:29 IST" name="loginInvalidUsernameValidPassword" description="TC003: Verify user is able to login with invalid username and valid password" finished-at="2025-12-06T19:21:31 IST" duration-ms="1295" status="PASS">
          <reporter-output>
          </reporter-output>
        </test-method> <!-- loginInvalidUsernameValidPassword -->
        <test-method is-config="true" signature="tearDown()[pri:0, instance:com.soucedemo.tests.LoginTest@63475ace]" started-at="2025-12-06T19:21:31 IST" name="tearDown" finished-at="2025-12-06T19:21:34 IST" duration-ms="3733" status="PASS">
          <reporter-output>
          </reporter-output>
        </test-method> <!-- tearDown -->
        <test-method is-config="true" signature="setUp(java.lang.String)[pri:0, instance:com.soucedemo.tests.LoginTest@63475ace]" started-at="2025-12-06T19:21:34 IST" name="setUp" finished-at="2025-12-06T19:21:48 IST" duration-ms="13910" status="PASS">
          <params>
            <param index="0">
              <value>
                <![CDATA[firefox]]>
              </value>
            </param>
          </params>
          <reporter-output>
          </reporter-output>
        </test-method> <!-- setUp -->
        <test-method signature="loginPageLogo()[pri:0, instance:com.soucedemo.tests.LoginTest@63475ace]" started-at="2025-12-06T19:21:48 IST" name="loginPageLogo" description="TC010: Verify swaglab logo present on login page" finished-at="2025-12-06T19:21:48 IST" duration-ms="147" status="PASS">
          <reporter-output>
          </reporter-output>
        </test-method> <!-- loginPageLogo -->
        <test-method is-config="true" signature="tearDown()[pri:0, instance:com.soucedemo.tests.LoginTest@63475ace]" started-at="2025-12-06T19:21:48 IST" name="tearDown" finished-at="2025-12-06T19:21:52 IST" duration-ms="3261" status="PASS">
          <reporter-output>
          </reporter-output>
        </test-method> <!-- tearDown -->
        <test-method is-config="true" signature="setUp(java.lang.String)[pri:0, instance:com.soucedemo.tests.LoginTest@63475ace]" started-at="2025-12-06T19:21:52 IST" name="setUp" finished-at="2025-12-06T19:22:07 IST" duration-ms="15289" status="PASS">
          <params>
            <param index="0">
              <value>
                <![CDATA[firefox]]>
              </value>
            </param>
          </params>
          <reporter-output>
          </reporter-output>
        </test-method> <!-- setUp -->
        <test-method signature="loginValidUsernameEmptyPassword()[pri:0, instance:com.soucedemo.tests.LoginTest@63475ace]" started-at="2025-12-06T19:22:07 IST" name="loginValidUsernameEmptyPassword" description="TC008: Verify user is able to login with valid username and empty password" finished-at="2025-12-06T19:22:08 IST" duration-ms="1320" status="PASS">
          <reporter-output>
          </reporter-output>
        </test-method> <!-- loginValidUsernameEmptyPassword -->
        <test-method is-config="true" signature="tearDown()[pri:0, instance:com.soucedemo.tests.LoginTest@63475ace]" started-at="2025-12-06T19:22:08 IST" name="tearDown" finished-at="2025-12-06T19:22:12 IST" duration-ms="3235" status="PASS">
          <reporter-output>
          </reporter-output>
        </test-method> <!-- tearDown -->
        <test-method is-config="true" signature="setUp(java.lang.String)[pri:0, instance:com.soucedemo.tests.LoginTest@63475ace]" started-at="2025-12-06T19:22:12 IST" name="setUp" finished-at="2025-12-06T19:22:26 IST" duration-ms="13985" status="PASS">
          <params>
            <param index="0">
              <value>
                <![CDATA[firefox]]>
              </value>
            </param>
          </params>
          <reporter-output>
          </reporter-output>
        </test-method> <!-- setUp -->
        <test-method signature="loginValidUsernameInvalidPassword()[pri:0, instance:com.soucedemo.tests.LoginTest@63475ace]" started-at="2025-12-06T19:22:26 IST" name="loginValidUsernameInvalidPassword" description="TC002: Verify user is able to login with valid username and invalid password" finished-at="2025-12-06T19:22:27 IST" duration-ms="1307" status="PASS">
          <reporter-output>
          </reporter-output>
        </test-method> <!-- loginValidUsernameInvalidPassword -->
        <test-method is-config="true" signature="tearDown()[pri:0, instance:com.soucedemo.tests.LoginTest@63475ace]" started-at="2025-12-06T19:22:27 IST" name="tearDown" finished-at="2025-12-06T19:22:30 IST" duration-ms="3265" status="PASS">
          <reporter-output>
          </reporter-output>
        </test-method> <!-- tearDown -->
        <test-method is-config="true" signature="setUp(java.lang.String)[pri:0, instance:com.soucedemo.tests.LoginTest@63475ace]" started-at="2025-12-06T19:22:30 IST" name="setUp" finished-at="2025-12-06T19:22:45 IST" duration-ms="14637" status="PASS">
          <params>
            <param index="0">
              <value>
                <![CDATA[firefox]]>
              </value>
            </param>
          </params>
          <reporter-output>
          </reporter-output>
        </test-method> <!-- setUp -->
        <test-method signature="loginValidUsernameValidPassword()[pri:0, instance:com.soucedemo.tests.LoginTest@63475ace]" started-at="2025-12-06T19:22:45 IST" name="loginValidUsernameValidPassword" description="TC001: Verify user is able to login with valid username and valid password" finished-at="2025-12-06T19:22:46 IST" duration-ms="1492" status="PASS">
          <reporter-output>
          </reporter-output>
        </test-method> <!-- loginValidUsernameValidPassword -->
        <test-method is-config="true" signature="tearDown()[pri:0, instance:com.soucedemo.tests.LoginTest@63475ace]" started-at="2025-12-06T19:22:46 IST" name="tearDown" finished-at="2025-12-06T19:22:50 IST" duration-ms="3323" status="PASS">
          <reporter-output>
          </reporter-output>
        </test-method> <!-- tearDown -->
        <test-method is-config="true" signature="setUp(java.lang.String)[pri:0, instance:com.soucedemo.tests.LoginTest@63475ace]" started-at="2025-12-06T19:22:50 IST" name="setUp" finished-at="2025-12-06T19:23:04 IST" duration-ms="14747" status="PASS">
          <params>
            <param index="0">
              <value>
                <![CDATA[firefox]]>
              </value>
            </param>
          </params>
          <reporter-output>
          </reporter-output>
        </test-method> <!-- setUp -->
        <test-method signature="passwordTextBoxOnLoginPage()[pri:0, instance:com.soucedemo.tests.LoginTest@63475ace]" started-at="2025-12-06T19:23:04 IST" name="passwordTextBoxOnLoginPage" description="TC012: Verify password textbox is present on login page" finished-at="2025-12-06T19:23:05 IST" duration-ms="270" status="PASS">
          <reporter-output>
          </reporter-output>
        </test-method> <!-- passwordTextBoxOnLoginPage -->
        <test-method is-config="true" signature="tearDown()[pri:0, instance:com.soucedemo.tests.LoginTest@63475ace]" started-at="2025-12-06T19:23:05 IST" name="tearDown" finished-at="2025-12-06T19:23:08 IST" duration-ms="2958" status="PASS">
          <reporter-output>
          </reporter-output>
        </test-method> <!-- tearDown -->
        <test-method is-config="true" signature="setUp(java.lang.String)[pri:0, instance:com.soucedemo.tests.LoginTest@63475ace]" started-at="2025-12-06T19:23:08 IST" name="setUp" finished-at="2025-12-06T19:23:22 IST" duration-ms="14554" status="PASS">
          <params>
            <param index="0">
              <value>
                <![CDATA[firefox]]>
              </value>
            </param>
          </params>
          <reporter-output>
          </reporter-output>
        </test-method> <!-- setUp -->
        <test-method signature="usrnameTextBoxOnLoginPage()[pri:0, instance:com.soucedemo.tests.LoginTest@63475ace]" started-at="2025-12-06T19:23:22 IST" name="usrnameTextBoxOnLoginPage" description="TC011: Verify username textbox is present on login page" finished-at="2025-12-06T19:23:22 IST" duration-ms="191" status="PASS">
          <reporter-output>
          </reporter-output>
        </test-method> <!-- usrnameTextBoxOnLoginPage -->
        <test-method is-config="true" signature="tearDown()[pri:0, instance:com.soucedemo.tests.LoginTest@63475ace]" started-at="2025-12-06T19:23:22 IST" name="tearDown" finished-at="2025-12-06T19:23:26 IST" duration-ms="3375" status="PASS">
          <reporter-output>
          </reporter-output>
        </test-method> <!-- tearDown -->
      </class> <!-- com.soucedemo.tests.LoginTest -->
    </test> <!-- FirefoxTest -->
  </suite> <!-- ParallelSuite -->
</testng-results>
