<?xml version="1.0" encoding="UTF-8"?>
<testng-results ignored="12" total="13" passed="1" failed="0" skipped="0">
  <reporter-output>
  </reporter-output>
  <suite started-at="2025-12-08T12:09:16 IST" name="Default suite" finished-at="2025-12-08T12:09:29 IST" duration-ms="12846">
    <groups>
      <group name="highPriority">
        <method signature="LoginTest.loginValidUsernameValidPassword()[pri:1, instance:com.soucedemo.tests.LoginTest@1bb564e2]" name="loginValidUsernameValidPassword" class="com.soucedemo.tests.LoginTest"/>
      </group> <!-- highPriority -->
      <group name="regression">
        <method signature="LoginTest.loginValidUsernameValidPassword()[pri:1, instance:com.soucedemo.tests.LoginTest@1bb564e2]" name="loginValidUsernameValidPassword" class="com.soucedemo.tests.LoginTest"/>
      </group> <!-- regression -->
      <group name="smoke">
        <method signature="LoginTest.loginValidUsernameValidPassword()[pri:1, instance:com.soucedemo.tests.LoginTest@1bb564e2]" name="loginValidUsernameValidPassword" class="com.soucedemo.tests.LoginTest"/>
      </group> <!-- smoke -->
      <group name="sanity">
        <method signature="LoginTest.loginValidUsernameValidPassword()[pri:1, instance:com.soucedemo.tests.LoginTest@1bb564e2]" name="loginValidUsernameValidPassword" class="com.soucedemo.tests.LoginTest"/>
      </group> <!-- sanity -->
    </groups>
    <test started-at="2025-12-08T12:09:16 IST" name="Default test" finished-at="2025-12-08T12:09:29 IST" duration-ms="12846">
      <class name="com.soucedemo.tests.LoginTest">
        <test-method is-config="true" signature="setUp(java.lang.String)[pri:0, instance:com.soucedemo.tests.LoginTest@1bb564e2]" started-at="2025-12-08T12:09:16 IST" name="setUp" finished-at="2025-12-08T12:09:25 IST" duration-ms="9335" status="PASS">
          <params>
            <param index="0">
              <value>
                <![CDATA[chrome]]>
              </value>
            </param>
          </params>
          <reporter-output>
          </reporter-output>
        </test-method> <!-- setUp -->
        <test-method signature="loginValidUsernameValidPassword()[pri:1, instance:com.soucedemo.tests.LoginTest@1bb564e2]" started-at="2025-12-08T12:09:25 IST" name="loginValidUsernameValidPassword" description="TC001: Verify user is able to login with valid username and valid password" finished-at="2025-12-08T12:09:28 IST" duration-ms="2695" status="PASS">
          <reporter-output>
          </reporter-output>
        </test-method> <!-- loginValidUsernameValidPassword -->
        <test-method is-config="true" signature="tearDown()[pri:0, instance:com.soucedemo.tests.LoginTest@1bb564e2]" started-at="2025-12-08T12:09:28 IST" name="tearDown" finished-at="2025-12-08T12:09:29 IST" duration-ms="628" status="PASS">
          <reporter-output>
          </reporter-output>
        </test-method> <!-- tearDown -->
      </class> <!-- com.soucedemo.tests.LoginTest -->
    </test> <!-- Default test -->
  </suite> <!-- Default suite -->
</testng-results>
