<?xml version="1.0" encoding="UTF-8"?>
<testng-results ignored="0" total="2" passed="1" failed="1" skipped="0">
  <reporter-output>
  </reporter-output>
  <suite started-at="2025-12-07T17:06:09 IST" name="ParallelSuite" finished-at="2025-12-07T17:06:23 IST" duration-ms="14164">
    <groups>
      <group name="regression">
        <method signature="HomeTest.homePageTitle()[pri:0, instance:com.soucedemo.tests.HomeTest@7c7a06ec]" name="homePageTitle" class="com.soucedemo.tests.HomeTest"/>
        <method signature="HomeTest.homePageUrl()[pri:0, instance:com.soucedemo.tests.HomeTest@7c7a06ec]" name="homePageUrl" class="com.soucedemo.tests.HomeTest"/>
      </group> <!-- regression -->
    </groups>
    <test started-at="2025-12-07T17:06:09 IST" name="ChromeTest" finished-at="2025-12-07T17:06:23 IST" duration-ms="14164">
      <class name="com.soucedemo.tests.HomeTest">
        <test-method is-config="true" signature="setUp(java.lang.String)[pri:0, instance:com.soucedemo.tests.HomeTest@7c7a06ec]" started-at="2025-12-07T17:06:09 IST" name="setUp" finished-at="2025-12-07T17:06:16 IST" duration-ms="6650" status="PASS">
          <params>
            <param index="0">
              <value>
                <![CDATA[chrome]]>
              </value>
            </param>
          </params>
          <reporter-output>
          </reporter-output>
        </test-method> <!-- setUp -->
        <test-method signature="homePageTitle()[pri:0, instance:com.soucedemo.tests.HomeTest@7c7a06ec]" started-at="2025-12-07T17:06:16 IST" name="homePageTitle" description="TC014: Verify the title of the home page" finished-at="2025-12-07T17:06:17 IST" duration-ms="1527" status="PASS">
          <reporter-output>
          </reporter-output>
        </test-method> <!-- homePageTitle -->
        <test-method is-config="true" signature="tearDown()[pri:0, instance:com.soucedemo.tests.HomeTest@7c7a06ec]" started-at="2025-12-07T17:06:18 IST" name="tearDown" finished-at="2025-12-07T17:06:18 IST" duration-ms="800" status="PASS">
          <reporter-output>
          </reporter-output>
        </test-method> <!-- tearDown -->
        <test-method is-config="true" signature="setUp(java.lang.String)[pri:0, instance:com.soucedemo.tests.HomeTest@7c7a06ec]" started-at="2025-12-07T17:06:18 IST" name="setUp" finished-at="2025-12-07T17:06:22 IST" duration-ms="3664" status="PASS">
          <params>
            <param index="0">
              <value>
                <![CDATA[chrome]]>
              </value>
            </param>
          </params>
          <reporter-output>
          </reporter-output>
        </test-method> <!-- setUp -->
        <test-method signature="homePageUrl()[pri:0, instance:com.soucedemo.tests.HomeTest@7c7a06ec]" started-at="2025-12-07T17:06:22 IST" name="homePageUrl" description="TC015: Verify the url of the home page" finished-at="2025-12-07T17:06:23 IST" duration-ms="809" status="FAIL">
          <exception class="java.lang.AssertionError">
            <message>
              <![CDATA[expected [https://www.saucedemo.com/inventory.html] but found [https://www.saucedemo.com/]]]>
            </message>
            <full-stacktrace>
              <![CDATA[java.lang.AssertionError: expected [https://www.saucedemo.com/inventory.html] but found [https://www.saucedemo.com/]
at org.testng.Assert.fail(Assert.java:111)
at org.testng.Assert.failNotEquals(Assert.java:1590)
at org.testng.Assert.assertEqualsImpl(Assert.java:150)
at org.testng.Assert.assertEquals(Assert.java:132)
at org.testng.Assert.assertEquals(Assert.java:656)
at org.testng.Assert.assertEquals(Assert.java:666)
at com.soucedemo.tests.HomeTest.homePageUrl(HomeTest.java:47)
at java.base/jdk.internal.reflect.DirectMethodHandleAccessor.invoke(DirectMethodHandleAccessor.java:103)
at java.base/java.lang.reflect.Method.invoke(Method.java:580)
at org.testng.internal.invokers.MethodInvocationHelper.invokeMethod(MethodInvocationHelper.java:141)
at org.testng.internal.invokers.TestInvoker.invokeMethod(TestInvoker.java:687)
at org.testng.internal.invokers.TestInvoker.invokeTestMethod(TestInvoker.java:230)
at org.testng.internal.invokers.MethodRunner.runInSequence(MethodRunner.java:63)
at org.testng.internal.invokers.TestInvoker$MethodInvocationAgent.invoke(TestInvoker.java:995)
at org.testng.internal.invokers.TestInvoker.invokeTestMethods(TestInvoker.java:203)
at org.testng.internal.invokers.TestMethodWorker.invokeTestMethods(TestMethodWorker.java:154)
at org.testng.internal.invokers.TestMethodWorker.run(TestMethodWorker.java:134)
at java.base/java.util.ArrayList.forEach(ArrayList.java:1596)
at org.testng.TestRunner.privateRun(TestRunner.java:741)
at org.testng.TestRunner.run(TestRunner.java:616)
at org.testng.SuiteRunner.runTest(SuiteRunner.java:421)
at org.testng.SuiteRunner$SuiteWorker.run(SuiteRunner.java:463)
at org.testng.internal.thread.ThreadUtil.lambda$execute$0(ThreadUtil.java:64)
at java.base/java.util.concurrent.FutureTask.run(FutureTask.java:317)
at java.base/java.util.concurrent.ThreadPoolExecutor.runWorker(ThreadPoolExecutor.java:1144)
at java.base/java.util.concurrent.ThreadPoolExecutor$Worker.run(ThreadPoolExecutor.java:642)
at java.base/java.lang.Thread.run(Thread.java:1583)
]]>
            </full-stacktrace>
          </exception> <!-- java.lang.AssertionError -->
          <reporter-output>
          </reporter-output>
        </test-method> <!-- homePageUrl -->
        <test-method is-config="true" signature="tearDown()[pri:0, instance:com.soucedemo.tests.HomeTest@7c7a06ec]" started-at="2025-12-07T17:06:23 IST" name="tearDown" finished-at="2025-12-07T17:06:23 IST" duration-ms="343" status="PASS">
          <reporter-output>
          </reporter-output>
        </test-method> <!-- tearDown -->
      </class> <!-- com.soucedemo.tests.HomeTest -->
    </test> <!-- ChromeTest -->
  </suite> <!-- ParallelSuite -->
</testng-results>
