<?xml version="1.0" encoding="UTF-8"?>
<!-- Generated by org.testng.reporters.JUnitReportReporter -->
<testsuite hostname="DESKTOP-7C4J88S" failures="0" tests="2" name="com.soucedemo.tests.HomeTest" time="11.180" errors="0" timestamp="2025-12-07T21:43:28 IST" skipped="0">
  <testcase classname="com.soucedemo.tests.HomeTest" name="homePageTitle" time="5.966"/>
  <testcase classname="com.soucedemo.tests.HomeTest" name="homePageUrl" time="5.214"/>
</testsuite> <!-- com.soucedemo.tests.HomeTest -->
