<?xml version="1.0" encoding="UTF-8"?>
<!-- Generated by org.testng.reporters.JUnitReportReporter -->
<testsuite hostname="DESKTOP-7C4J88S" failures="0" tests="39" name="com.soucedemo.tests.LoginTest" time="1042.125" errors="0" timestamp="2025-12-06T19:23:26 IST" skipped="0">
  <testcase classname="com.soucedemo.tests.LoginTest" name="loginValidUsernameInvalidPassword" time="18.046"/>
  <testcase classname="com.soucedemo.tests.LoginTest" name="loginButtonOnLoginPage" time="26.207"/>
  <testcase classname="com.soucedemo.tests.LoginTest" name="loginValidUsernameEmptyPassword" time="36.725"/>
  <testcase classname="com.soucedemo.tests.LoginTest" name="loginValidUsernameInvalidPassword" time="15.270"/>
  <testcase classname="com.soucedemo.tests.LoginTest" name="loginPageLogo" time="17.455"/>
  <testcase classname="com.soucedemo.tests.LoginTest" name="loginEmptyUsernameInvalidPassword" time="21.744"/>
  <testcase classname="com.soucedemo.tests.LoginTest" name="loginInvalidUsernameValidPassword" time="33.027"/>
  <testcase classname="com.soucedemo.tests.LoginTest" name="usrnameTextBoxOnLoginPage" time="22.346"/>
  <testcase classname="com.soucedemo.tests.LoginTest" name="loginInvalidUsernameInvalidPassword" time="20.059"/>
  <testcase classname="com.soucedemo.tests.LoginTest" name="loginEmptyUsernameValidPassword" time="21.148"/>
  <testcase classname="com.soucedemo.tests.LoginTest" name="passwordTextBoxOnLoginPage" time="22.796"/>
  <testcase classname="com.soucedemo.tests.LoginTest" name="loginPageLogo" time="10.863"/>
  <testcase classname="com.soucedemo.tests.LoginTest" name="loginEmptyUsernameEmptyPassword" time="29.083"/>
  <testcase classname="com.soucedemo.tests.LoginTest" name="loginPageLogo" time="22.998"/>
  <testcase classname="com.soucedemo.tests.LoginTest" name="loginValidUsernameInvalidPassword" time="31.411"/>
  <testcase classname="com.soucedemo.tests.LoginTest" name="loginValidUsernameEmptyPassword" time="30.626"/>
  <testcase classname="com.soucedemo.tests.LoginTest" name="loginInvalidUsernameValidPassword" time="28.034"/>
  <testcase classname="com.soucedemo.tests.LoginTest" name="loginValidUsernameValidPassword" time="18.556"/>
  <testcase classname="com.soucedemo.tests.LoginTest" name="usrnameTextBoxOnLoginPage" time="44.963"/>
  <testcase classname="com.soucedemo.tests.LoginTest" name="loginValidUsernameEmptyPassword" time="27.328"/>
  <testcase classname="com.soucedemo.tests.LoginTest" name="loginInvalidUsernameEptyPassword" time="25.477"/>
  <testcase classname="com.soucedemo.tests.LoginTest" name="usrnameTextBoxOnLoginPage" time="33.019"/>
  <testcase classname="com.soucedemo.tests.LoginTest" name="loginButtonOnLoginPage" time="21.508"/>
  <testcase classname="com.soucedemo.tests.LoginTest" name="loginEmptyUsernameValidPassword" time="14.758"/>
  <testcase classname="com.soucedemo.tests.LoginTest" name="loginInvalidUsernameInvalidPassword" time="13.850"/>
  <testcase classname="com.soucedemo.tests.LoginTest" name="passwordTextBoxOnLoginPage" time="22.199"/>
  <testcase classname="com.soucedemo.tests.LoginTest" name="loginInvalidUsernameValidPassword" time="45.250"/>
  <testcase classname="com.soucedemo.tests.LoginTest" name="loginValidUsernameValidPassword" time="17.308"/>
  <testcase classname="com.soucedemo.tests.LoginTest" name="loginEmptyUsernameInvalidPassword" time="52.240"/>
  <testcase classname="com.soucedemo.tests.LoginTest" name="loginButtonOnLoginPage" time="21.479"/>
  <testcase classname="com.soucedemo.tests.LoginTest" name="loginInvalidUsernameEptyPassword" time="36.411"/>
  <testcase classname="com.soucedemo.tests.LoginTest" name="loginInvalidUsernameEptyPassword" time="30.853"/>
  <testcase classname="com.soucedemo.tests.LoginTest" name="loginInvalidUsernameInvalidPassword" time="20.353"/>
  <testcase classname="com.soucedemo.tests.LoginTest" name="passwordTextBoxOnLoginPage" time="10.814"/>
  <testcase classname="com.soucedemo.tests.LoginTest" name="loginEmptyUsernameEmptyPassword" time="21.496"/>
  <testcase classname="com.soucedemo.tests.LoginTest" name="loginEmptyUsernameValidPassword" time="46.505"/>
  <testcase classname="com.soucedemo.tests.LoginTest" name="loginEmptyUsernameEmptyPassword" time="43.021"/>
  <testcase classname="com.soucedemo.tests.LoginTest" name="loginEmptyUsernameInvalidPassword" time="18.367"/>
  <testcase classname="com.soucedemo.tests.LoginTest" name="loginValidUsernameValidPassword" time="48.532"/>
</testsuite> <!-- com.soucedemo.tests.LoginTest -->
