<?xml version="1.0" encoding="UTF-8"?>
<!-- Generated by org.testng.reporters.JUnitReportReporter -->
<testsuite hostname="DESKTOP-7C4J88S" failures="0" tests="6" name="com.soucedemo.tests.HomeTest" time="194.524" errors="0" timestamp="2025-12-06T19:23:26 IST" skipped="0">
  <testcase classname="com.soucedemo.tests.HomeTest" name="homePageTitle" time="29.062"/>
  <testcase classname="com.soucedemo.tests.HomeTest" name="homePageUrl" time="43.483"/>
  <testcase classname="com.soucedemo.tests.HomeTest" name="homePageTitle" time="46.950"/>
  <testcase classname="com.soucedemo.tests.HomeTest" name="homePageUrl" time="24.396"/>
  <testcase classname="com.soucedemo.tests.HomeTest" name="homePageUrl" time="22.578"/>
  <testcase classname="com.soucedemo.tests.HomeTest" name="homePageTitle" time="28.055"/>
</testsuite> <!-- com.soucedemo.tests.HomeTest -->
